[0.014s] Invoking command in '/home/mediapipe/Desktop/ros_workspaces/microros_ws/src/build/micro_ros_msgs': CMAKE_PREFIX_PATH=/home/mediapipe/Desktop/ros_workspaces/microros_ws/install/composition_interfaces:/home/mediapipe/Desktop/ros_workspaces/microros_ws/install/rcl_interfaces:/home/mediapipe/Desktop/ros_workspaces/microros_ws/install/action_msgs:/home/mediapipe/Desktop/ros_workspaces/microros_ws/install/unique_identifier_msgs:/home/mediapipe/Desktop/ros_workspaces/microros_ws/install/statistics_msgs:/home/mediapipe/Desktop/ros_workspaces/microros_ws/install/rmw_microxrcedds:/home/mediapipe/Desktop/ros_workspaces/microros_ws/install/rosgraph_msgs:/home/mediapipe/Desktop/ros_workspaces/microros_ws/install/lifecycle_msgs:/home/mediapipe/Desktop/ros_workspaces/microros_ws/install/complex_msgs:/home/mediapipe/Desktop/ros_workspaces/microros_ws/install/builtin_interfaces:/home/mediapipe/Desktop/ros_workspaces/microros_ws/install/common_interfaces:/home/mediapipe/Desktop/ros_workspaces/microros_ws/install/visualization_msgs:/home/mediapipe/Desktop/ros_workspaces/microros_ws/install/trajectory_msgs:/home/mediapipe/Desktop/ros_workspaces/microros_ws/install/stereo_msgs:/home/mediapipe/Desktop/ros_workspaces/microros_ws/install/std_srvs:/home/mediapipe/Desktop/ros_workspaces/microros_ws/install/shape_msgs:/home/mediapipe/Desktop/ros_workspaces/microros_ws/install/sensor_msgs:/home/mediapipe/Desktop/ros_workspaces/microros_ws/install/nav_msgs:/home/mediapipe/Desktop/ros_workspaces/microros_ws/install/diagnostic_msgs:/home/mediapipe/Desktop/ros_workspaces/microros_ws/install/geometry_msgs:/home/mediapipe/Desktop/ros_workspaces/microros_ws/install/drive_base_msgs:/home/mediapipe/Desktop/ros_workspaces/microros_ws/install/actionlib_msgs:/home/mediapipe/Desktop/ros_workspaces/microros_ws/install/std_msgs:/home/mediapipe/Desktop/ros_workspaces/microros_ws/install/rosidl_typesupport_microxrcedds_test_msg:/home/mediapipe/Desktop/ros_workspaces/microros_ws/install/rosidl_typesupport_microxrcedds_cpp_tests:/home/mediapipe/Desktop/ros_workspaces/microros_ws/install/rosidl_typesupport_microxrcedds_cpp:/home/mediapipe/Desktop/ros_workspaces/microros_ws/install/rosidl_typesupport_microxrcedds_c_tests:/home/mediapipe/Desktop/ros_workspaces/microros_ws/install/rosidl_typesupport_microxrcedds_c:/home/mediapipe/Desktop/ros_workspaces/microros_ws/install/microxrcedds_client:/home/mediapipe/Desktop/ros_workspaces/microros_ws/install/microcdr:/home/mediapipe/Desktop/ros_workspaces/microros_ws/install/micro_ros_setup:/home/mediapipe/Desktop/ros_workspaces/microros_ws/install/micro_ros_agent:/home/mediapipe/Desktop/ros_workspaces/microros_ws/install/micro_ros_msgs:/home/mediapipe/Desktop/ros_workspaces/microros_ws/install/sensor_msgs_py:/opt/ros/foxy:/opt/ros/noetic /usr/bin/cmake /home/mediapipe/Desktop/ros_workspaces/microros_ws/src/uros/micro_ros_msgs -DUAGENT_BUILD_EXECUTABLE=OFF -DUAGENT_P2P_PROFILE=OFF --no-warn-unused-cli -DCMAKE_INSTALL_PREFIX=/home/mediapipe/Desktop/ros_workspaces/microros_ws/src/install/micro_ros_msgs
[0.020s] Not searching for unused variables given on the command line.
[0.053s] -- The C compiler identification is GNU 9.4.0
[0.092s] -- The CXX compiler identification is GNU 9.4.0
[0.096s] -- Check for working C compiler: /usr/bin/cc
[0.150s] -- Check for working C compiler: /usr/bin/cc -- works
[0.150s] -- Detecting C compiler ABI info
[0.204s] -- Detecting C compiler ABI info - done
[0.216s] -- Detecting C compile features
[0.216s] -- Detecting C compile features - done
[0.219s] -- Check for working CXX compiler: /usr/bin/c++
[0.280s] -- Check for working CXX compiler: /usr/bin/c++ -- works
[0.280s] -- Detecting CXX compiler ABI info
[0.339s] -- Detecting CXX compiler ABI info - done
[0.347s] -- Detecting CXX compile features
[0.348s] -- Detecting CXX compile features - done
[0.350s] -- Found ament_cmake: 0.9.11 (/opt/ros/foxy/share/ament_cmake/cmake)
[0.373s] -- Found PythonInterp: /usr/bin/python3 (found suitable version "3.8.10", minimum required is "3") 
[0.373s] -- Using PYTHON_EXECUTABLE: /usr/bin/python3
[0.554s] -- Found rosidl_default_generators: 1.0.1 (/opt/ros/foxy/share/rosidl_default_generators/cmake)
[0.561s] -- Using all available rosidl_typesupport_c: rosidl_typesupport_microxrcedds_c;rosidl_typesupport_fastrtps_c;rosidl_typesupport_introspection_c
[0.568s] -- Found rosidl_adapter: 1.3.0 (/opt/ros/foxy/share/rosidl_adapter/cmake)
[0.670s] -- Found OpenSSL: /usr/lib/x86_64-linux-gnu/libcrypto.so (found version "1.1.1f")  
[0.702s] -- Found FastRTPS: /opt/ros/foxy/include  
[0.769s] -- Using all available rosidl_typesupport_cpp: rosidl_typesupport_microxrcedds_cpp;rosidl_typesupport_fastrtps_cpp;rosidl_typesupport_introspection_cpp
[0.797s] -- Found ament_lint_auto: 0.9.7 (/opt/ros/foxy/share/ament_lint_auto/cmake)
[0.880s] -- Found PythonInterp: /usr/bin/python3 (found version "3.8.10") 
[0.940s] -- Found ament_cmake_ros: 0.9.2 (/opt/ros/foxy/share/ament_cmake_ros/cmake)
[1.027s] -- Using all available rosidl_typesupport_c: rosidl_typesupport_microxrcedds_c;rosidl_typesupport_fastrtps_c;rosidl_typesupport_introspection_c
[1.039s] -- Using all available rosidl_typesupport_cpp: rosidl_typesupport_microxrcedds_cpp;rosidl_typesupport_fastrtps_cpp;rosidl_typesupport_introspection_cpp
[1.059s] -- Found PythonInterp: /usr/bin/python3 (found suitable version "3.8.10", minimum required is "3.5") 
[1.061s] -- Found python_cmake_module: 0.8.1 (/opt/ros/foxy/share/python_cmake_module/cmake)
[1.084s] -- Found PythonLibs: /usr/lib/x86_64-linux-gnu/libpython3.8.so (found suitable version "3.8.10", minimum required is "3.5") 
[1.085s] -- Using PYTHON_EXECUTABLE: /usr/bin/python3
[1.085s] -- Using PYTHON_INCLUDE_DIRS: /usr/include/python3.8
[1.085s] -- Using PYTHON_LIBRARIES: /usr/lib/x86_64-linux-gnu/libpython3.8.so
[1.103s] -- Found PythonExtra: .so  
[1.147s] -- Added test 'copyright' to check source files copyright and LICENSE
[1.154s] -- Added test 'lint_cmake' to check CMake code style
[1.158s] -- Added test 'xmllint' to check XML markup files
[1.163s] -- Configuring done
[1.190s] -- Generating done
[1.194s] -- Build files have been written to: /home/mediapipe/Desktop/ros_workspaces/microros_ws/src/build/micro_ros_msgs
[1.199s] Invoked command in '/home/mediapipe/Desktop/ros_workspaces/microros_ws/src/build/micro_ros_msgs' returned '0': CMAKE_PREFIX_PATH=/home/mediapipe/Desktop/ros_workspaces/microros_ws/install/composition_interfaces:/home/mediapipe/Desktop/ros_workspaces/microros_ws/install/rcl_interfaces:/home/mediapipe/Desktop/ros_workspaces/microros_ws/install/action_msgs:/home/mediapipe/Desktop/ros_workspaces/microros_ws/install/unique_identifier_msgs:/home/mediapipe/Desktop/ros_workspaces/microros_ws/install/statistics_msgs:/home/mediapipe/Desktop/ros_workspaces/microros_ws/install/rmw_microxrcedds:/home/mediapipe/Desktop/ros_workspaces/microros_ws/install/rosgraph_msgs:/home/mediapipe/Desktop/ros_workspaces/microros_ws/install/lifecycle_msgs:/home/mediapipe/Desktop/ros_workspaces/microros_ws/install/complex_msgs:/home/mediapipe/Desktop/ros_workspaces/microros_ws/install/builtin_interfaces:/home/mediapipe/Desktop/ros_workspaces/microros_ws/install/common_interfaces:/home/mediapipe/Desktop/ros_workspaces/microros_ws/install/visualization_msgs:/home/mediapipe/Desktop/ros_workspaces/microros_ws/install/trajectory_msgs:/home/mediapipe/Desktop/ros_workspaces/microros_ws/install/stereo_msgs:/home/mediapipe/Desktop/ros_workspaces/microros_ws/install/std_srvs:/home/mediapipe/Desktop/ros_workspaces/microros_ws/install/shape_msgs:/home/mediapipe/Desktop/ros_workspaces/microros_ws/install/sensor_msgs:/home/mediapipe/Desktop/ros_workspaces/microros_ws/install/nav_msgs:/home/mediapipe/Desktop/ros_workspaces/microros_ws/install/diagnostic_msgs:/home/mediapipe/Desktop/ros_workspaces/microros_ws/install/geometry_msgs:/home/mediapipe/Desktop/ros_workspaces/microros_ws/install/drive_base_msgs:/home/mediapipe/Desktop/ros_workspaces/microros_ws/install/actionlib_msgs:/home/mediapipe/Desktop/ros_workspaces/microros_ws/install/std_msgs:/home/mediapipe/Desktop/ros_workspaces/microros_ws/install/rosidl_typesupport_microxrcedds_test_msg:/home/mediapipe/Desktop/ros_workspaces/microros_ws/install/rosidl_typesupport_microxrcedds_cpp_tests:/home/mediapipe/Desktop/ros_workspaces/microros_ws/install/rosidl_typesupport_microxrcedds_cpp:/home/mediapipe/Desktop/ros_workspaces/microros_ws/install/rosidl_typesupport_microxrcedds_c_tests:/home/mediapipe/Desktop/ros_workspaces/microros_ws/install/rosidl_typesupport_microxrcedds_c:/home/mediapipe/Desktop/ros_workspaces/microros_ws/install/microxrcedds_client:/home/mediapipe/Desktop/ros_workspaces/microros_ws/install/microcdr:/home/mediapipe/Desktop/ros_workspaces/microros_ws/install/micro_ros_setup:/home/mediapipe/Desktop/ros_workspaces/microros_ws/install/micro_ros_agent:/home/mediapipe/Desktop/ros_workspaces/microros_ws/install/micro_ros_msgs:/home/mediapipe/Desktop/ros_workspaces/microros_ws/install/sensor_msgs_py:/opt/ros/foxy:/opt/ros/noetic /usr/bin/cmake /home/mediapipe/Desktop/ros_workspaces/microros_ws/src/uros/micro_ros_msgs -DUAGENT_BUILD_EXECUTABLE=OFF -DUAGENT_P2P_PROFILE=OFF --no-warn-unused-cli -DCMAKE_INSTALL_PREFIX=/home/mediapipe/Desktop/ros_workspaces/microros_ws/src/install/micro_ros_msgs
[1.201s] Invoking command in '/home/mediapipe/Desktop/ros_workspaces/microros_ws/src/build/micro_ros_msgs': CMAKE_PREFIX_PATH=/home/mediapipe/Desktop/ros_workspaces/microros_ws/install/composition_interfaces:/home/mediapipe/Desktop/ros_workspaces/microros_ws/install/rcl_interfaces:/home/mediapipe/Desktop/ros_workspaces/microros_ws/install/action_msgs:/home/mediapipe/Desktop/ros_workspaces/microros_ws/install/unique_identifier_msgs:/home/mediapipe/Desktop/ros_workspaces/microros_ws/install/statistics_msgs:/home/mediapipe/Desktop/ros_workspaces/microros_ws/install/rmw_microxrcedds:/home/mediapipe/Desktop/ros_workspaces/microros_ws/install/rosgraph_msgs:/home/mediapipe/Desktop/ros_workspaces/microros_ws/install/lifecycle_msgs:/home/mediapipe/Desktop/ros_workspaces/microros_ws/install/complex_msgs:/home/mediapipe/Desktop/ros_workspaces/microros_ws/install/builtin_interfaces:/home/mediapipe/Desktop/ros_workspaces/microros_ws/install/common_interfaces:/home/mediapipe/Desktop/ros_workspaces/microros_ws/install/visualization_msgs:/home/mediapipe/Desktop/ros_workspaces/microros_ws/install/trajectory_msgs:/home/mediapipe/Desktop/ros_workspaces/microros_ws/install/stereo_msgs:/home/mediapipe/Desktop/ros_workspaces/microros_ws/install/std_srvs:/home/mediapipe/Desktop/ros_workspaces/microros_ws/install/shape_msgs:/home/mediapipe/Desktop/ros_workspaces/microros_ws/install/sensor_msgs:/home/mediapipe/Desktop/ros_workspaces/microros_ws/install/nav_msgs:/home/mediapipe/Desktop/ros_workspaces/microros_ws/install/diagnostic_msgs:/home/mediapipe/Desktop/ros_workspaces/microros_ws/install/geometry_msgs:/home/mediapipe/Desktop/ros_workspaces/microros_ws/install/drive_base_msgs:/home/mediapipe/Desktop/ros_workspaces/microros_ws/install/actionlib_msgs:/home/mediapipe/Desktop/ros_workspaces/microros_ws/install/std_msgs:/home/mediapipe/Desktop/ros_workspaces/microros_ws/install/rosidl_typesupport_microxrcedds_test_msg:/home/mediapipe/Desktop/ros_workspaces/microros_ws/install/rosidl_typesupport_microxrcedds_cpp_tests:/home/mediapipe/Desktop/ros_workspaces/microros_ws/install/rosidl_typesupport_microxrcedds_cpp:/home/mediapipe/Desktop/ros_workspaces/microros_ws/install/rosidl_typesupport_microxrcedds_c_tests:/home/mediapipe/Desktop/ros_workspaces/microros_ws/install/rosidl_typesupport_microxrcedds_c:/home/mediapipe/Desktop/ros_workspaces/microros_ws/install/microxrcedds_client:/home/mediapipe/Desktop/ros_workspaces/microros_ws/install/microcdr:/home/mediapipe/Desktop/ros_workspaces/microros_ws/install/micro_ros_setup:/home/mediapipe/Desktop/ros_workspaces/microros_ws/install/micro_ros_agent:/home/mediapipe/Desktop/ros_workspaces/microros_ws/install/micro_ros_msgs:/home/mediapipe/Desktop/ros_workspaces/microros_ws/install/sensor_msgs_py:/opt/ros/foxy:/opt/ros/noetic /usr/bin/cmake --build /home/mediapipe/Desktop/ros_workspaces/microros_ws/src/build/micro_ros_msgs -- -j16 -l16
[1.237s] [  1%] [34m[1mGenerating C code for ROS interfaces[0m
[1.237s] [35m[1mScanning dependencies of target micro_ros_msgs__cpp[0m
[1.246s] [  3%] [34m[1mGenerating C++ code for ROS interfaces[0m
[1.515s] [  3%] Built target micro_ros_msgs__cpp
[1.528s] [  6%] [34m[1mGenerating C++ type support for eProsima Fast-RTPS[0m
[1.528s] [  6%] [34m[1mGenerating C++ introspection for ROS interfaces[0m
[1.528s] [  8%] [34m[1mGenerating C++ type support dispatch for ROS interfaces[0m
[1.528s] [35m[1mScanning dependencies of target micro_ros_msgs__rosidl_generator_c[0m
[1.533s] [ 10%] [34m[1mGenerating C++ type support for eProsima Micro XRCE-DDS[0m
[1.558s] [ 15%] [32mBuilding C object CMakeFiles/micro_ros_msgs__rosidl_generator_c.dir/rosidl_generator_c/micro_ros_msgs/msg/detail/entity__functions.c.o[0m
[1.558s] [ 15%] [32mBuilding C object CMakeFiles/micro_ros_msgs__rosidl_generator_c.dir/rosidl_generator_c/micro_ros_msgs/msg/detail/node__functions.c.o[0m
[1.558s] [ 15%] [32mBuilding C object CMakeFiles/micro_ros_msgs__rosidl_generator_c.dir/rosidl_generator_c/micro_ros_msgs/msg/detail/graph__functions.c.o[0m
[1.611s] [ 16%] [32m[1mLinking C shared library libmicro_ros_msgs__rosidl_generator_c.so[0m
[1.661s] [ 16%] Built target micro_ros_msgs__rosidl_generator_c
[1.677s] [ 18%] [34m[1mGenerating C introspection for ROS interfaces[0m
[1.677s] [ 20%] [34m[1mGenerating C type support dispatch for ROS interfaces[0m
[1.677s] [ 22%] [34m[1mGenerating C type support for eProsima Micro XRCE-DDS[0m
[1.929s] [35m[1mScanning dependencies of target micro_ros_msgs__rosidl_typesupport_cpp[0m
[1.963s] [ 23%] [32mBuilding CXX object CMakeFiles/micro_ros_msgs__rosidl_typesupport_cpp.dir/rosidl_typesupport_cpp/micro_ros_msgs/msg/node__type_support.cpp.o[0m
[1.963s] [ 25%] [32mBuilding CXX object CMakeFiles/micro_ros_msgs__rosidl_typesupport_cpp.dir/rosidl_typesupport_cpp/micro_ros_msgs/msg/graph__type_support.cpp.o[0m
[1.981s] [ 27%] [32mBuilding CXX object CMakeFiles/micro_ros_msgs__rosidl_typesupport_cpp.dir/rosidl_typesupport_cpp/micro_ros_msgs/msg/entity__type_support.cpp.o[0m
[2.028s] [35m[1mScanning dependencies of target micro_ros_msgs__rosidl_typesupport_fastrtps_cpp[0m
[2.032s] [35m[1mScanning dependencies of target micro_ros_msgs__rosidl_typesupport_introspection_cpp[0m
[2.088s] [35m[1mScanning dependencies of target micro_ros_msgs__rosidl_typesupport_microxrcedds_cpp[0m
[2.101s] [ 28%] [32mBuilding CXX object CMakeFiles/micro_ros_msgs__rosidl_typesupport_introspection_cpp.dir/rosidl_typesupport_introspection_cpp/micro_ros_msgs/msg/detail/graph__type_support.cpp.o[0m
[2.113s] [ 30%] [32mBuilding CXX object CMakeFiles/micro_ros_msgs__rosidl_typesupport_fastrtps_cpp.dir/rosidl_typesupport_fastrtps_cpp/micro_ros_msgs/msg/detail/dds_fastrtps/graph__type_support.cpp.o[0m
[2.114s] [ 32%] [32mBuilding CXX object CMakeFiles/micro_ros_msgs__rosidl_typesupport_introspection_cpp.dir/rosidl_typesupport_introspection_cpp/micro_ros_msgs/msg/detail/node__type_support.cpp.o[0m
[2.116s] [ 33%] [32mBuilding CXX object CMakeFiles/micro_ros_msgs__rosidl_typesupport_introspection_cpp.dir/rosidl_typesupport_introspection_cpp/micro_ros_msgs/msg/detail/entity__type_support.cpp.o[0m
[2.127s] [ 35%] [32mBuilding CXX object CMakeFiles/micro_ros_msgs__rosidl_typesupport_fastrtps_cpp.dir/rosidl_typesupport_fastrtps_cpp/micro_ros_msgs/msg/detail/dds_fastrtps/node__type_support.cpp.o[0m
[2.130s] [ 37%] [32mBuilding CXX object CMakeFiles/micro_ros_msgs__rosidl_typesupport_fastrtps_cpp.dir/rosidl_typesupport_fastrtps_cpp/micro_ros_msgs/msg/detail/dds_fastrtps/entity__type_support.cpp.o[0m
[2.144s] [35m[1mScanning dependencies of target micro_ros_msgs__rosidl_typesupport_c[0m
[2.155s] [ 38%] [32mBuilding CXX object CMakeFiles/micro_ros_msgs__rosidl_typesupport_microxrcedds_cpp.dir/rosidl_typesupport_microxrcedds_cpp/micro_ros_msgs/msg/detail/microxrcedds/graph__type_support_cpp.cpp.o[0m
[2.171s] [ 40%] [32mBuilding CXX object CMakeFiles/micro_ros_msgs__rosidl_typesupport_microxrcedds_cpp.dir/rosidl_typesupport_microxrcedds_cpp/micro_ros_msgs/msg/detail/microxrcedds/node__type_support_cpp.cpp.o[0m
[2.205s] [ 42%] [32mBuilding CXX object CMakeFiles/micro_ros_msgs__rosidl_typesupport_microxrcedds_cpp.dir/rosidl_typesupport_microxrcedds_cpp/micro_ros_msgs/msg/detail/microxrcedds/entity__type_support_cpp.cpp.o[0m
[2.231s] [ 44%] [32mBuilding CXX object CMakeFiles/micro_ros_msgs__rosidl_typesupport_c.dir/rosidl_typesupport_c/micro_ros_msgs/msg/graph__type_support.cpp.o[0m
[2.245s] [ 45%] [32mBuilding CXX object CMakeFiles/micro_ros_msgs__rosidl_typesupport_c.dir/rosidl_typesupport_c/micro_ros_msgs/msg/node__type_support.cpp.o[0m
[2.246s] [35m[1mScanning dependencies of target micro_ros_msgs__rosidl_typesupport_introspection_c[0m
[2.349s] [ 47%] [32mBuilding C object CMakeFiles/micro_ros_msgs__rosidl_typesupport_introspection_c.dir/rosidl_typesupport_introspection_c/micro_ros_msgs/msg/detail/graph__type_support.c.o[0m
[2.405s] [ 49%] [32mBuilding CXX object CMakeFiles/micro_ros_msgs__rosidl_typesupport_c.dir/rosidl_typesupport_c/micro_ros_msgs/msg/entity__type_support.cpp.o[0m
[2.421s] [ 50%] [32mBuilding C object CMakeFiles/micro_ros_msgs__rosidl_typesupport_introspection_c.dir/rosidl_typesupport_introspection_c/micro_ros_msgs/msg/detail/node__type_support.c.o[0m
[2.453s] [35m[1mScanning dependencies of target micro_ros_msgs__rosidl_typesupport_microxrcedds_c[0m
[2.492s] [ 52%] [32mBuilding C object CMakeFiles/micro_ros_msgs__rosidl_typesupport_introspection_c.dir/rosidl_typesupport_introspection_c/micro_ros_msgs/msg/detail/entity__type_support.c.o[0m
[2.496s] [ 54%] [32mBuilding C object CMakeFiles/micro_ros_msgs__rosidl_typesupport_microxrcedds_c.dir/rosidl_typesupport_microxrcedds_c/micro_ros_msgs/msg/detail/microxrcedds/graph__type_support_c.c.o[0m
[2.545s] [ 55%] [32m[1mLinking CXX shared library libmicro_ros_msgs__rosidl_typesupport_c.so[0m
[2.558s] [ 57%] [32mBuilding C object CMakeFiles/micro_ros_msgs__rosidl_typesupport_microxrcedds_c.dir/rosidl_typesupport_microxrcedds_c/micro_ros_msgs/msg/detail/microxrcedds/node__type_support_c.c.o[0m
[2.572s] [ 59%] [32mBuilding C object CMakeFiles/micro_ros_msgs__rosidl_typesupport_microxrcedds_c.dir/rosidl_typesupport_microxrcedds_c/micro_ros_msgs/msg/detail/microxrcedds/entity__type_support_c.c.o[0m
[2.581s] [ 61%] [32m[1mLinking C shared library libmicro_ros_msgs__rosidl_typesupport_introspection_c.so[0m
[2.637s] [ 61%] Built target micro_ros_msgs__rosidl_typesupport_c
[2.656s] [ 62%] [32m[1mLinking CXX shared library libmicro_ros_msgs__rosidl_typesupport_cpp.so[0m
[2.657s] [ 62%] Built target micro_ros_msgs__rosidl_typesupport_introspection_c
[2.669s] [ 64%] [32m[1mLinking C shared library libmicro_ros_msgs__rosidl_typesupport_microxrcedds_c.so[0m
[2.711s] [ 64%] Built target micro_ros_msgs__rosidl_typesupport_cpp
[2.716s] [ 64%] Built target micro_ros_msgs__rosidl_typesupport_microxrcedds_c
[2.769s] [ 66%] [32m[1mLinking CXX shared library libmicro_ros_msgs__rosidl_typesupport_introspection_cpp.so[0m
[2.815s] [ 67%] [32m[1mLinking CXX shared library libmicro_ros_msgs__rosidl_typesupport_microxrcedds_cpp.so[0m
[2.854s] [ 67%] Built target micro_ros_msgs__rosidl_typesupport_introspection_cpp
[2.884s] [ 67%] Built target micro_ros_msgs__rosidl_typesupport_microxrcedds_cpp
[2.929s] [ 69%] [32m[1mLinking CXX shared library libmicro_ros_msgs__rosidl_typesupport_fastrtps_cpp.so[0m
[2.993s] [ 69%] Built target micro_ros_msgs__rosidl_typesupport_fastrtps_cpp
[3.003s] [ 71%] [34m[1mGenerating C type support for eProsima Fast-RTPS[0m
[3.264s] [35m[1mScanning dependencies of target micro_ros_msgs__rosidl_typesupport_fastrtps_c[0m
[3.277s] [ 76%] [32mBuilding CXX object CMakeFiles/micro_ros_msgs__rosidl_typesupport_fastrtps_c.dir/rosidl_typesupport_fastrtps_c/micro_ros_msgs/msg/detail/entity__type_support_c.cpp.o[0m
[3.277s] [ 76%] [32mBuilding CXX object CMakeFiles/micro_ros_msgs__rosidl_typesupport_fastrtps_c.dir/rosidl_typesupport_fastrtps_c/micro_ros_msgs/msg/detail/graph__type_support_c.cpp.o[0m
[3.277s] [ 76%] [32mBuilding CXX object CMakeFiles/micro_ros_msgs__rosidl_typesupport_fastrtps_c.dir/rosidl_typesupport_fastrtps_c/micro_ros_msgs/msg/detail/node__type_support_c.cpp.o[0m
[3.549s] [ 77%] [32m[1mLinking CXX shared library libmicro_ros_msgs__rosidl_typesupport_fastrtps_c.so[0m
[3.611s] [ 77%] Built target micro_ros_msgs__rosidl_typesupport_fastrtps_c
[3.620s] [35m[1mScanning dependencies of target micro_ros_msgs[0m
[3.629s] [ 77%] Built target micro_ros_msgs
[3.638s] [35m[1mScanning dependencies of target micro_ros_msgs__py[0m
[3.649s] [ 79%] [34m[1mGenerating Python code for ROS interfaces[0m
[4.099s] [ 79%] Built target micro_ros_msgs__py
[4.108s] [35m[1mScanning dependencies of target micro_ros_msgs__python[0m
[4.125s] [ 84%] [32mBuilding C object CMakeFiles/micro_ros_msgs__python.dir/rosidl_generator_py/micro_ros_msgs/msg/_graph_s.c.o[0m
[4.125s] [ 84%] [32mBuilding C object CMakeFiles/micro_ros_msgs__python.dir/rosidl_generator_py/micro_ros_msgs/msg/_node_s.c.o[0m
[4.125s] [ 84%] [32mBuilding C object CMakeFiles/micro_ros_msgs__python.dir/rosidl_generator_py/micro_ros_msgs/msg/_entity_s.c.o[0m
[4.199s] [ 86%] [32m[1mLinking C shared library rosidl_generator_py/micro_ros_msgs/libmicro_ros_msgs__python.so[0m
[4.231s] [ 86%] Built target micro_ros_msgs__python
[4.239s] [35m[1mScanning dependencies of target micro_ros_msgs__rosidl_typesupport_microxrcedds_c__pyext[0m
[4.239s] [35m[1mScanning dependencies of target micro_ros_msgs__rosidl_typesupport_fastrtps_c__pyext[0m
[4.239s] [35m[1mScanning dependencies of target micro_ros_msgs__rosidl_typesupport_introspection_c__pyext[0m
[4.239s] [35m[1mScanning dependencies of target micro_ros_msgs__rosidl_typesupport_c__pyext[0m
[4.253s] [ 93%] [32mBuilding C object CMakeFiles/micro_ros_msgs__rosidl_typesupport_fastrtps_c__pyext.dir/rosidl_generator_py/micro_ros_msgs/_micro_ros_msgs_s.ep.rosidl_typesupport_fastrtps_c.c.o[0m
[4.254s] [ 93%] [32mBuilding C object CMakeFiles/micro_ros_msgs__rosidl_typesupport_introspection_c__pyext.dir/rosidl_generator_py/micro_ros_msgs/_micro_ros_msgs_s.ep.rosidl_typesupport_introspection_c.c.o[0m
[4.254s] [ 93%] [32mBuilding C object CMakeFiles/micro_ros_msgs__rosidl_typesupport_microxrcedds_c__pyext.dir/rosidl_generator_py/micro_ros_msgs/_micro_ros_msgs_s.ep.rosidl_typesupport_microxrcedds_c.c.o[0m
[4.254s] [ 93%] [32mBuilding C object CMakeFiles/micro_ros_msgs__rosidl_typesupport_c__pyext.dir/rosidl_generator_py/micro_ros_msgs/_micro_ros_msgs_s.ep.rosidl_typesupport_c.c.o[0m
[4.318s] [ 98%] [32m[1mLinking C shared library rosidl_generator_py/micro_ros_msgs/micro_ros_msgs_s__rosidl_typesupport_microxrcedds_c.cpython-38-x86_64-linux-gnu.so[0m
[4.318s] [ 98%] [32m[1mLinking C shared library rosidl_generator_py/micro_ros_msgs/micro_ros_msgs_s__rosidl_typesupport_c.cpython-38-x86_64-linux-gnu.so[0m
[4.318s] [ 98%] [32m[1mLinking C shared library rosidl_generator_py/micro_ros_msgs/micro_ros_msgs_s__rosidl_typesupport_introspection_c.cpython-38-x86_64-linux-gnu.so[0m
[4.323s] [100%] [32m[1mLinking CXX shared library rosidl_generator_py/micro_ros_msgs/micro_ros_msgs_s__rosidl_typesupport_fastrtps_c.cpython-38-x86_64-linux-gnu.so[0m
[4.344s] [100%] Built target micro_ros_msgs__rosidl_typesupport_c__pyext
[4.344s] [100%] Built target micro_ros_msgs__rosidl_typesupport_microxrcedds_c__pyext
[4.345s] [100%] Built target micro_ros_msgs__rosidl_typesupport_introspection_c__pyext
[4.372s] [100%] Built target micro_ros_msgs__rosidl_typesupport_fastrtps_c__pyext
[4.382s] Invoked command in '/home/mediapipe/Desktop/ros_workspaces/microros_ws/src/build/micro_ros_msgs' returned '0': CMAKE_PREFIX_PATH=/home/mediapipe/Desktop/ros_workspaces/microros_ws/install/composition_interfaces:/home/mediapipe/Desktop/ros_workspaces/microros_ws/install/rcl_interfaces:/home/mediapipe/Desktop/ros_workspaces/microros_ws/install/action_msgs:/home/mediapipe/Desktop/ros_workspaces/microros_ws/install/unique_identifier_msgs:/home/mediapipe/Desktop/ros_workspaces/microros_ws/install/statistics_msgs:/home/mediapipe/Desktop/ros_workspaces/microros_ws/install/rmw_microxrcedds:/home/mediapipe/Desktop/ros_workspaces/microros_ws/install/rosgraph_msgs:/home/mediapipe/Desktop/ros_workspaces/microros_ws/install/lifecycle_msgs:/home/mediapipe/Desktop/ros_workspaces/microros_ws/install/complex_msgs:/home/mediapipe/Desktop/ros_workspaces/microros_ws/install/builtin_interfaces:/home/mediapipe/Desktop/ros_workspaces/microros_ws/install/common_interfaces:/home/mediapipe/Desktop/ros_workspaces/microros_ws/install/visualization_msgs:/home/mediapipe/Desktop/ros_workspaces/microros_ws/install/trajectory_msgs:/home/mediapipe/Desktop/ros_workspaces/microros_ws/install/stereo_msgs:/home/mediapipe/Desktop/ros_workspaces/microros_ws/install/std_srvs:/home/mediapipe/Desktop/ros_workspaces/microros_ws/install/shape_msgs:/home/mediapipe/Desktop/ros_workspaces/microros_ws/install/sensor_msgs:/home/mediapipe/Desktop/ros_workspaces/microros_ws/install/nav_msgs:/home/mediapipe/Desktop/ros_workspaces/microros_ws/install/diagnostic_msgs:/home/mediapipe/Desktop/ros_workspaces/microros_ws/install/geometry_msgs:/home/mediapipe/Desktop/ros_workspaces/microros_ws/install/drive_base_msgs:/home/mediapipe/Desktop/ros_workspaces/microros_ws/install/actionlib_msgs:/home/mediapipe/Desktop/ros_workspaces/microros_ws/install/std_msgs:/home/mediapipe/Desktop/ros_workspaces/microros_ws/install/rosidl_typesupport_microxrcedds_test_msg:/home/mediapipe/Desktop/ros_workspaces/microros_ws/install/rosidl_typesupport_microxrcedds_cpp_tests:/home/mediapipe/Desktop/ros_workspaces/microros_ws/install/rosidl_typesupport_microxrcedds_cpp:/home/mediapipe/Desktop/ros_workspaces/microros_ws/install/rosidl_typesupport_microxrcedds_c_tests:/home/mediapipe/Desktop/ros_workspaces/microros_ws/install/rosidl_typesupport_microxrcedds_c:/home/mediapipe/Desktop/ros_workspaces/microros_ws/install/microxrcedds_client:/home/mediapipe/Desktop/ros_workspaces/microros_ws/install/microcdr:/home/mediapipe/Desktop/ros_workspaces/microros_ws/install/micro_ros_setup:/home/mediapipe/Desktop/ros_workspaces/microros_ws/install/micro_ros_agent:/home/mediapipe/Desktop/ros_workspaces/microros_ws/install/micro_ros_msgs:/home/mediapipe/Desktop/ros_workspaces/microros_ws/install/sensor_msgs_py:/opt/ros/foxy:/opt/ros/noetic /usr/bin/cmake --build /home/mediapipe/Desktop/ros_workspaces/microros_ws/src/build/micro_ros_msgs -- -j16 -l16
[4.471s] Invoking command in '/home/mediapipe/Desktop/ros_workspaces/microros_ws/src/build/micro_ros_msgs': CMAKE_PREFIX_PATH=/home/mediapipe/Desktop/ros_workspaces/microros_ws/install/composition_interfaces:/home/mediapipe/Desktop/ros_workspaces/microros_ws/install/rcl_interfaces:/home/mediapipe/Desktop/ros_workspaces/microros_ws/install/action_msgs:/home/mediapipe/Desktop/ros_workspaces/microros_ws/install/unique_identifier_msgs:/home/mediapipe/Desktop/ros_workspaces/microros_ws/install/statistics_msgs:/home/mediapipe/Desktop/ros_workspaces/microros_ws/install/rmw_microxrcedds:/home/mediapipe/Desktop/ros_workspaces/microros_ws/install/rosgraph_msgs:/home/mediapipe/Desktop/ros_workspaces/microros_ws/install/lifecycle_msgs:/home/mediapipe/Desktop/ros_workspaces/microros_ws/install/complex_msgs:/home/mediapipe/Desktop/ros_workspaces/microros_ws/install/builtin_interfaces:/home/mediapipe/Desktop/ros_workspaces/microros_ws/install/common_interfaces:/home/mediapipe/Desktop/ros_workspaces/microros_ws/install/visualization_msgs:/home/mediapipe/Desktop/ros_workspaces/microros_ws/install/trajectory_msgs:/home/mediapipe/Desktop/ros_workspaces/microros_ws/install/stereo_msgs:/home/mediapipe/Desktop/ros_workspaces/microros_ws/install/std_srvs:/home/mediapipe/Desktop/ros_workspaces/microros_ws/install/shape_msgs:/home/mediapipe/Desktop/ros_workspaces/microros_ws/install/sensor_msgs:/home/mediapipe/Desktop/ros_workspaces/microros_ws/install/nav_msgs:/home/mediapipe/Desktop/ros_workspaces/microros_ws/install/diagnostic_msgs:/home/mediapipe/Desktop/ros_workspaces/microros_ws/install/geometry_msgs:/home/mediapipe/Desktop/ros_workspaces/microros_ws/install/drive_base_msgs:/home/mediapipe/Desktop/ros_workspaces/microros_ws/install/actionlib_msgs:/home/mediapipe/Desktop/ros_workspaces/microros_ws/install/std_msgs:/home/mediapipe/Desktop/ros_workspaces/microros_ws/install/rosidl_typesupport_microxrcedds_test_msg:/home/mediapipe/Desktop/ros_workspaces/microros_ws/install/rosidl_typesupport_microxrcedds_cpp_tests:/home/mediapipe/Desktop/ros_workspaces/microros_ws/install/rosidl_typesupport_microxrcedds_cpp:/home/mediapipe/Desktop/ros_workspaces/microros_ws/install/rosidl_typesupport_microxrcedds_c_tests:/home/mediapipe/Desktop/ros_workspaces/microros_ws/install/rosidl_typesupport_microxrcedds_c:/home/mediapipe/Desktop/ros_workspaces/microros_ws/install/microxrcedds_client:/home/mediapipe/Desktop/ros_workspaces/microros_ws/install/microcdr:/home/mediapipe/Desktop/ros_workspaces/microros_ws/install/micro_ros_setup:/home/mediapipe/Desktop/ros_workspaces/microros_ws/install/micro_ros_agent:/home/mediapipe/Desktop/ros_workspaces/microros_ws/install/micro_ros_msgs:/home/mediapipe/Desktop/ros_workspaces/microros_ws/install/sensor_msgs_py:/opt/ros/foxy:/opt/ros/noetic /usr/bin/cmake --install /home/mediapipe/Desktop/ros_workspaces/microros_ws/src/build/micro_ros_msgs
[4.479s] -- Install configuration: ""
[4.479s] -- Installing: /home/mediapipe/Desktop/ros_workspaces/microros_ws/src/install/micro_ros_msgs/share/ament_index/resource_index/rosidl_interfaces/micro_ros_msgs
[4.479s] -- Installing: /home/mediapipe/Desktop/ros_workspaces/microros_ws/src/install/micro_ros_msgs/include/micro_ros_msgs
[4.479s] -- Installing: /home/mediapipe/Desktop/ros_workspaces/microros_ws/src/install/micro_ros_msgs/include/micro_ros_msgs/msg
[4.479s] -- Installing: /home/mediapipe/Desktop/ros_workspaces/microros_ws/src/install/micro_ros_msgs/include/micro_ros_msgs/msg/entity.h
[4.479s] -- Installing: /home/mediapipe/Desktop/ros_workspaces/microros_ws/src/install/micro_ros_msgs/include/micro_ros_msgs/msg/node.h
[4.479s] -- Installing: /home/mediapipe/Desktop/ros_workspaces/microros_ws/src/install/micro_ros_msgs/include/micro_ros_msgs/msg/rosidl_generator_c__visibility_control.h
[4.479s] -- Installing: /home/mediapipe/Desktop/ros_workspaces/microros_ws/src/install/micro_ros_msgs/include/micro_ros_msgs/msg/graph.h
[4.479s] -- Installing: /home/mediapipe/Desktop/ros_workspaces/microros_ws/src/install/micro_ros_msgs/include/micro_ros_msgs/msg/detail
[4.479s] -- Installing: /home/mediapipe/Desktop/ros_workspaces/microros_ws/src/install/micro_ros_msgs/include/micro_ros_msgs/msg/detail/graph__functions.c
[4.479s] -- Installing: /home/mediapipe/Desktop/ros_workspaces/microros_ws/src/install/micro_ros_msgs/include/micro_ros_msgs/msg/detail/entity__type_support.h
[4.480s] -- Installing: /home/mediapipe/Desktop/ros_workspaces/microros_ws/src/install/micro_ros_msgs/include/micro_ros_msgs/msg/detail/entity__functions.h
[4.480s] -- Installing: /home/mediapipe/Desktop/ros_workspaces/microros_ws/src/install/micro_ros_msgs/include/micro_ros_msgs/msg/detail/node__functions.h
[4.480s] -- Installing: /home/mediapipe/Desktop/ros_workspaces/microros_ws/src/install/micro_ros_msgs/include/micro_ros_msgs/msg/detail/graph__type_support.h
[4.480s] -- Installing: /home/mediapipe/Desktop/ros_workspaces/microros_ws/src/install/micro_ros_msgs/include/micro_ros_msgs/msg/detail/graph__functions.h
[4.480s] -- Installing: /home/mediapipe/Desktop/ros_workspaces/microros_ws/src/install/micro_ros_msgs/include/micro_ros_msgs/msg/detail/graph__struct.h
[4.480s] -- Installing: /home/mediapipe/Desktop/ros_workspaces/microros_ws/src/install/micro_ros_msgs/include/micro_ros_msgs/msg/detail/node__functions.c
[4.480s] -- Installing: /home/mediapipe/Desktop/ros_workspaces/microros_ws/src/install/micro_ros_msgs/include/micro_ros_msgs/msg/detail/entity__functions.c
[4.480s] -- Installing: /home/mediapipe/Desktop/ros_workspaces/microros_ws/src/install/micro_ros_msgs/include/micro_ros_msgs/msg/detail/node__type_support.h
[4.480s] -- Installing: /home/mediapipe/Desktop/ros_workspaces/microros_ws/src/install/micro_ros_msgs/include/micro_ros_msgs/msg/detail/node__struct.h
[4.480s] -- Installing: /home/mediapipe/Desktop/ros_workspaces/microros_ws/src/install/micro_ros_msgs/include/micro_ros_msgs/msg/detail/entity__struct.h
[4.480s] -- Installing: /home/mediapipe/Desktop/ros_workspaces/microros_ws/src/install/micro_ros_msgs/share/micro_ros_msgs/environment/library_path.sh
[4.480s] -- Installing: /home/mediapipe/Desktop/ros_workspaces/microros_ws/src/install/micro_ros_msgs/share/micro_ros_msgs/environment/library_path.dsv
[4.480s] -- Installing: /home/mediapipe/Desktop/ros_workspaces/microros_ws/src/install/micro_ros_msgs/lib/libmicro_ros_msgs__rosidl_generator_c.so
[4.480s] -- Set runtime path of "/home/mediapipe/Desktop/ros_workspaces/microros_ws/src/install/micro_ros_msgs/lib/libmicro_ros_msgs__rosidl_generator_c.so" to ""
[4.481s] -- Up-to-date: /home/mediapipe/Desktop/ros_workspaces/microros_ws/src/install/micro_ros_msgs/include/micro_ros_msgs
[4.481s] -- Up-to-date: /home/mediapipe/Desktop/ros_workspaces/microros_ws/src/install/micro_ros_msgs/include/micro_ros_msgs/msg
[4.481s] -- Installing: /home/mediapipe/Desktop/ros_workspaces/microros_ws/src/install/micro_ros_msgs/include/micro_ros_msgs/msg/rosidl_typesupport_microxrcedds_c__visibility_control.h
[4.481s] -- Up-to-date: /home/mediapipe/Desktop/ros_workspaces/microros_ws/src/install/micro_ros_msgs/include/micro_ros_msgs/msg/detail
[4.481s] -- Installing: /home/mediapipe/Desktop/ros_workspaces/microros_ws/src/install/micro_ros_msgs/include/micro_ros_msgs/msg/detail/node__rosidl_typesupport_microxrcedds_c.h
[4.481s] -- Installing: /home/mediapipe/Desktop/ros_workspaces/microros_ws/src/install/micro_ros_msgs/include/micro_ros_msgs/msg/detail/microxrcedds
[4.481s] -- Installing: /home/mediapipe/Desktop/ros_workspaces/microros_ws/src/install/micro_ros_msgs/include/micro_ros_msgs/msg/detail/graph__rosidl_typesupport_microxrcedds_c.h
[4.481s] -- Installing: /home/mediapipe/Desktop/ros_workspaces/microros_ws/src/install/micro_ros_msgs/include/micro_ros_msgs/msg/detail/entity__rosidl_typesupport_microxrcedds_c.h
[4.482s] -- Installing: /home/mediapipe/Desktop/ros_workspaces/microros_ws/src/install/micro_ros_msgs/lib/libmicro_ros_msgs__rosidl_typesupport_microxrcedds_c.so
[4.482s] -- Set runtime path of "/home/mediapipe/Desktop/ros_workspaces/microros_ws/src/install/micro_ros_msgs/lib/libmicro_ros_msgs__rosidl_typesupport_microxrcedds_c.so" to ""
[4.482s] -- Up-to-date: /home/mediapipe/Desktop/ros_workspaces/microros_ws/src/install/micro_ros_msgs/include/micro_ros_msgs
[4.482s] -- Up-to-date: /home/mediapipe/Desktop/ros_workspaces/microros_ws/src/install/micro_ros_msgs/include/micro_ros_msgs/msg
[4.482s] -- Installing: /home/mediapipe/Desktop/ros_workspaces/microros_ws/src/install/micro_ros_msgs/include/micro_ros_msgs/msg/rosidl_typesupport_fastrtps_c__visibility_control.h
[4.482s] -- Up-to-date: /home/mediapipe/Desktop/ros_workspaces/microros_ws/src/install/micro_ros_msgs/include/micro_ros_msgs/msg/detail
[4.482s] -- Installing: /home/mediapipe/Desktop/ros_workspaces/microros_ws/src/install/micro_ros_msgs/include/micro_ros_msgs/msg/detail/graph__rosidl_typesupport_fastrtps_c.h
[4.482s] -- Installing: /home/mediapipe/Desktop/ros_workspaces/microros_ws/src/install/micro_ros_msgs/include/micro_ros_msgs/msg/detail/node__rosidl_typesupport_fastrtps_c.h
[4.482s] -- Installing: /home/mediapipe/Desktop/ros_workspaces/microros_ws/src/install/micro_ros_msgs/include/micro_ros_msgs/msg/detail/entity__rosidl_typesupport_fastrtps_c.h
[4.482s] -- Installing: /home/mediapipe/Desktop/ros_workspaces/microros_ws/src/install/micro_ros_msgs/lib/libmicro_ros_msgs__rosidl_typesupport_fastrtps_c.so
[4.482s] -- Set runtime path of "/home/mediapipe/Desktop/ros_workspaces/microros_ws/src/install/micro_ros_msgs/lib/libmicro_ros_msgs__rosidl_typesupport_fastrtps_c.so" to ""
[4.482s] -- Up-to-date: /home/mediapipe/Desktop/ros_workspaces/microros_ws/src/install/micro_ros_msgs/include/micro_ros_msgs
[4.482s] -- Up-to-date: /home/mediapipe/Desktop/ros_workspaces/microros_ws/src/install/micro_ros_msgs/include/micro_ros_msgs/msg
[4.482s] -- Installing: /home/mediapipe/Desktop/ros_workspaces/microros_ws/src/install/micro_ros_msgs/include/micro_ros_msgs/msg/rosidl_typesupport_fastrtps_cpp__visibility_control.h
[4.482s] -- Up-to-date: /home/mediapipe/Desktop/ros_workspaces/microros_ws/src/install/micro_ros_msgs/include/micro_ros_msgs/msg/detail
[4.483s] -- Installing: /home/mediapipe/Desktop/ros_workspaces/microros_ws/src/install/micro_ros_msgs/include/micro_ros_msgs/msg/detail/graph__rosidl_typesupport_fastrtps_cpp.hpp
[4.483s] -- Installing: /home/mediapipe/Desktop/ros_workspaces/microros_ws/src/install/micro_ros_msgs/include/micro_ros_msgs/msg/detail/node__rosidl_typesupport_fastrtps_cpp.hpp
[4.483s] -- Installing: /home/mediapipe/Desktop/ros_workspaces/microros_ws/src/install/micro_ros_msgs/include/micro_ros_msgs/msg/detail/dds_fastrtps
[4.483s] -- Installing: /home/mediapipe/Desktop/ros_workspaces/microros_ws/src/install/micro_ros_msgs/include/micro_ros_msgs/msg/detail/entity__rosidl_typesupport_fastrtps_cpp.hpp
[4.483s] -- Installing: /home/mediapipe/Desktop/ros_workspaces/microros_ws/src/install/micro_ros_msgs/lib/libmicro_ros_msgs__rosidl_typesupport_fastrtps_cpp.so
[4.483s] -- Set runtime path of "/home/mediapipe/Desktop/ros_workspaces/microros_ws/src/install/micro_ros_msgs/lib/libmicro_ros_msgs__rosidl_typesupport_fastrtps_cpp.so" to ""
[4.483s] -- Up-to-date: /home/mediapipe/Desktop/ros_workspaces/microros_ws/src/install/micro_ros_msgs/include/micro_ros_msgs
[4.483s] -- Up-to-date: /home/mediapipe/Desktop/ros_workspaces/microros_ws/src/install/micro_ros_msgs/include/micro_ros_msgs/msg
[4.483s] -- Installing: /home/mediapipe/Desktop/ros_workspaces/microros_ws/src/install/micro_ros_msgs/include/micro_ros_msgs/msg/rosidl_typesupport_introspection_c__visibility_control.h
[4.483s] -- Up-to-date: /home/mediapipe/Desktop/ros_workspaces/microros_ws/src/install/micro_ros_msgs/include/micro_ros_msgs/msg/detail
[4.483s] -- Installing: /home/mediapipe/Desktop/ros_workspaces/microros_ws/src/install/micro_ros_msgs/include/micro_ros_msgs/msg/detail/entity__rosidl_typesupport_introspection_c.h
[4.483s] -- Installing: /home/mediapipe/Desktop/ros_workspaces/microros_ws/src/install/micro_ros_msgs/include/micro_ros_msgs/msg/detail/graph__type_support.c
[4.483s] -- Installing: /home/mediapipe/Desktop/ros_workspaces/microros_ws/src/install/micro_ros_msgs/include/micro_ros_msgs/msg/detail/graph__rosidl_typesupport_introspection_c.h
[4.483s] -- Installing: /home/mediapipe/Desktop/ros_workspaces/microros_ws/src/install/micro_ros_msgs/include/micro_ros_msgs/msg/detail/node__type_support.c
[4.483s] -- Installing: /home/mediapipe/Desktop/ros_workspaces/microros_ws/src/install/micro_ros_msgs/include/micro_ros_msgs/msg/detail/entity__type_support.c
[4.483s] -- Installing: /home/mediapipe/Desktop/ros_workspaces/microros_ws/src/install/micro_ros_msgs/include/micro_ros_msgs/msg/detail/node__rosidl_typesupport_introspection_c.h
[4.483s] -- Installing: /home/mediapipe/Desktop/ros_workspaces/microros_ws/src/install/micro_ros_msgs/lib/libmicro_ros_msgs__rosidl_typesupport_introspection_c.so
[4.484s] -- Set runtime path of "/home/mediapipe/Desktop/ros_workspaces/microros_ws/src/install/micro_ros_msgs/lib/libmicro_ros_msgs__rosidl_typesupport_introspection_c.so" to ""
[4.484s] -- Installing: /home/mediapipe/Desktop/ros_workspaces/microros_ws/src/install/micro_ros_msgs/lib/libmicro_ros_msgs__rosidl_typesupport_c.so
[4.484s] -- Set runtime path of "/home/mediapipe/Desktop/ros_workspaces/microros_ws/src/install/micro_ros_msgs/lib/libmicro_ros_msgs__rosidl_typesupport_c.so" to ""
[4.484s] -- Up-to-date: /home/mediapipe/Desktop/ros_workspaces/microros_ws/src/install/micro_ros_msgs/include/micro_ros_msgs
[4.484s] -- Up-to-date: /home/mediapipe/Desktop/ros_workspaces/microros_ws/src/install/micro_ros_msgs/include/micro_ros_msgs/msg
[4.484s] -- Installing: /home/mediapipe/Desktop/ros_workspaces/microros_ws/src/install/micro_ros_msgs/include/micro_ros_msgs/msg/entity.hpp
[4.484s] -- Installing: /home/mediapipe/Desktop/ros_workspaces/microros_ws/src/install/micro_ros_msgs/include/micro_ros_msgs/msg/graph.hpp
[4.484s] -- Up-to-date: /home/mediapipe/Desktop/ros_workspaces/microros_ws/src/install/micro_ros_msgs/include/micro_ros_msgs/msg/detail
[4.484s] -- Installing: /home/mediapipe/Desktop/ros_workspaces/microros_ws/src/install/micro_ros_msgs/include/micro_ros_msgs/msg/detail/graph__traits.hpp
[4.484s] -- Installing: /home/mediapipe/Desktop/ros_workspaces/microros_ws/src/install/micro_ros_msgs/include/micro_ros_msgs/msg/detail/entity__struct.hpp
[4.484s] -- Installing: /home/mediapipe/Desktop/ros_workspaces/microros_ws/src/install/micro_ros_msgs/include/micro_ros_msgs/msg/detail/entity__traits.hpp
[4.484s] -- Installing: /home/mediapipe/Desktop/ros_workspaces/microros_ws/src/install/micro_ros_msgs/include/micro_ros_msgs/msg/detail/node__traits.hpp
[4.484s] -- Installing: /home/mediapipe/Desktop/ros_workspaces/microros_ws/src/install/micro_ros_msgs/include/micro_ros_msgs/msg/detail/graph__struct.hpp
[4.484s] -- Installing: /home/mediapipe/Desktop/ros_workspaces/microros_ws/src/install/micro_ros_msgs/include/micro_ros_msgs/msg/detail/entity__builder.hpp
[4.485s] -- Installing: /home/mediapipe/Desktop/ros_workspaces/microros_ws/src/install/micro_ros_msgs/include/micro_ros_msgs/msg/detail/node__struct.hpp
[4.485s] -- Installing: /home/mediapipe/Desktop/ros_workspaces/microros_ws/src/install/micro_ros_msgs/include/micro_ros_msgs/msg/detail/node__builder.hpp
[4.485s] -- Installing: /home/mediapipe/Desktop/ros_workspaces/microros_ws/src/install/micro_ros_msgs/include/micro_ros_msgs/msg/detail/graph__builder.hpp
[4.485s] -- Installing: /home/mediapipe/Desktop/ros_workspaces/microros_ws/src/install/micro_ros_msgs/include/micro_ros_msgs/msg/node.hpp
[4.485s] -- Up-to-date: /home/mediapipe/Desktop/ros_workspaces/microros_ws/src/install/micro_ros_msgs/include/micro_ros_msgs
[4.485s] -- Up-to-date: /home/mediapipe/Desktop/ros_workspaces/microros_ws/src/install/micro_ros_msgs/include/micro_ros_msgs/msg
[4.485s] -- Installing: /home/mediapipe/Desktop/ros_workspaces/microros_ws/src/install/micro_ros_msgs/include/micro_ros_msgs/msg/rosidl_typesupport_microxrcedds_cpp__visibility_control.h
[4.485s] -- Up-to-date: /home/mediapipe/Desktop/ros_workspaces/microros_ws/src/install/micro_ros_msgs/include/micro_ros_msgs/msg/detail
[4.485s] -- Installing: /home/mediapipe/Desktop/ros_workspaces/microros_ws/src/install/micro_ros_msgs/include/micro_ros_msgs/msg/detail/entity__rosidl_typesupport_microxrcedds_cpp.hpp
[4.485s] -- Up-to-date: /home/mediapipe/Desktop/ros_workspaces/microros_ws/src/install/micro_ros_msgs/include/micro_ros_msgs/msg/detail/microxrcedds
[4.485s] -- Installing: /home/mediapipe/Desktop/ros_workspaces/microros_ws/src/install/micro_ros_msgs/include/micro_ros_msgs/msg/detail/microxrcedds/node__type_support_cpp.cpp
[4.485s] -- Installing: /home/mediapipe/Desktop/ros_workspaces/microros_ws/src/install/micro_ros_msgs/include/micro_ros_msgs/msg/detail/microxrcedds/entity__type_support_cpp.cpp
[4.485s] -- Installing: /home/mediapipe/Desktop/ros_workspaces/microros_ws/src/install/micro_ros_msgs/include/micro_ros_msgs/msg/detail/microxrcedds/graph__type_support_cpp.cpp
[4.485s] -- Installing: /home/mediapipe/Desktop/ros_workspaces/microros_ws/src/install/micro_ros_msgs/include/micro_ros_msgs/msg/detail/graph__rosidl_typesupport_microxrcedds_cpp.hpp
[4.485s] -- Installing: /home/mediapipe/Desktop/ros_workspaces/microros_ws/src/install/micro_ros_msgs/include/micro_ros_msgs/msg/detail/node__rosidl_typesupport_microxrcedds_cpp.hpp
[4.485s] -- Installing: /home/mediapipe/Desktop/ros_workspaces/microros_ws/src/install/micro_ros_msgs/lib/libmicro_ros_msgs__rosidl_typesupport_microxrcedds_cpp.so
[4.485s] -- Set runtime path of "/home/mediapipe/Desktop/ros_workspaces/microros_ws/src/install/micro_ros_msgs/lib/libmicro_ros_msgs__rosidl_typesupport_microxrcedds_cpp.so" to ""
[4.485s] -- Up-to-date: /home/mediapipe/Desktop/ros_workspaces/microros_ws/src/install/micro_ros_msgs/include/micro_ros_msgs
[4.486s] -- Up-to-date: /home/mediapipe/Desktop/ros_workspaces/microros_ws/src/install/micro_ros_msgs/include/micro_ros_msgs/msg
[4.486s] -- Up-to-date: /home/mediapipe/Desktop/ros_workspaces/microros_ws/src/install/micro_ros_msgs/include/micro_ros_msgs/msg/detail
[4.486s] -- Installing: /home/mediapipe/Desktop/ros_workspaces/microros_ws/src/install/micro_ros_msgs/include/micro_ros_msgs/msg/detail/graph__type_support.cpp
[4.486s] -- Installing: /home/mediapipe/Desktop/ros_workspaces/microros_ws/src/install/micro_ros_msgs/include/micro_ros_msgs/msg/detail/node__type_support.cpp
[4.486s] -- Installing: /home/mediapipe/Desktop/ros_workspaces/microros_ws/src/install/micro_ros_msgs/include/micro_ros_msgs/msg/detail/entity__rosidl_typesupport_introspection_cpp.hpp
[4.486s] -- Installing: /home/mediapipe/Desktop/ros_workspaces/microros_ws/src/install/micro_ros_msgs/include/micro_ros_msgs/msg/detail/graph__rosidl_typesupport_introspection_cpp.hpp
[4.486s] -- Installing: /home/mediapipe/Desktop/ros_workspaces/microros_ws/src/install/micro_ros_msgs/include/micro_ros_msgs/msg/detail/node__rosidl_typesupport_introspection_cpp.hpp
[4.486s] -- Installing: /home/mediapipe/Desktop/ros_workspaces/microros_ws/src/install/micro_ros_msgs/include/micro_ros_msgs/msg/detail/entity__type_support.cpp
[4.486s] -- Installing: /home/mediapipe/Desktop/ros_workspaces/microros_ws/src/install/micro_ros_msgs/lib/libmicro_ros_msgs__rosidl_typesupport_introspection_cpp.so
[4.486s] -- Set runtime path of "/home/mediapipe/Desktop/ros_workspaces/microros_ws/src/install/micro_ros_msgs/lib/libmicro_ros_msgs__rosidl_typesupport_introspection_cpp.so" to ""
[4.486s] -- Installing: /home/mediapipe/Desktop/ros_workspaces/microros_ws/src/install/micro_ros_msgs/lib/libmicro_ros_msgs__rosidl_typesupport_cpp.so
[4.486s] -- Set runtime path of "/home/mediapipe/Desktop/ros_workspaces/microros_ws/src/install/micro_ros_msgs/lib/libmicro_ros_msgs__rosidl_typesupport_cpp.so" to ""
[4.486s] -- Installing: /home/mediapipe/Desktop/ros_workspaces/microros_ws/src/install/micro_ros_msgs/share/micro_ros_msgs/environment/pythonpath.sh
[4.486s] -- Installing: /home/mediapipe/Desktop/ros_workspaces/microros_ws/src/install/micro_ros_msgs/share/micro_ros_msgs/environment/pythonpath.dsv
[4.486s] -- Installing: /home/mediapipe/Desktop/ros_workspaces/microros_ws/src/install/micro_ros_msgs/lib/python3.8/site-packages/micro_ros_msgs/__init__.py
[4.512s] Compiling '/home/mediapipe/Desktop/ros_workspaces/microros_ws/src/install/micro_ros_msgs/lib/python3.8/site-packages/micro_ros_msgs/__init__.py'...
[4.515s] -- Installing: /home/mediapipe/Desktop/ros_workspaces/microros_ws/src/install/micro_ros_msgs/lib/python3.8/site-packages/micro_ros_msgs/msg
[4.515s] -- Installing: /home/mediapipe/Desktop/ros_workspaces/microros_ws/src/install/micro_ros_msgs/lib/python3.8/site-packages/micro_ros_msgs/msg/_entity.py
[4.515s] -- Installing: /home/mediapipe/Desktop/ros_workspaces/microros_ws/src/install/micro_ros_msgs/lib/python3.8/site-packages/micro_ros_msgs/msg/__init__.py
[4.515s] -- Installing: /home/mediapipe/Desktop/ros_workspaces/microros_ws/src/install/micro_ros_msgs/lib/python3.8/site-packages/micro_ros_msgs/msg/_entity_s.c
[4.515s] -- Installing: /home/mediapipe/Desktop/ros_workspaces/microros_ws/src/install/micro_ros_msgs/lib/python3.8/site-packages/micro_ros_msgs/msg/_node_s.c
[4.516s] -- Installing: /home/mediapipe/Desktop/ros_workspaces/microros_ws/src/install/micro_ros_msgs/lib/python3.8/site-packages/micro_ros_msgs/msg/_graph_s.c
[4.516s] -- Installing: /home/mediapipe/Desktop/ros_workspaces/microros_ws/src/install/micro_ros_msgs/lib/python3.8/site-packages/micro_ros_msgs/msg/_node.py
[4.516s] -- Installing: /home/mediapipe/Desktop/ros_workspaces/microros_ws/src/install/micro_ros_msgs/lib/python3.8/site-packages/micro_ros_msgs/msg/_graph.py
[4.516s] -- Installing: /home/mediapipe/Desktop/ros_workspaces/microros_ws/src/install/micro_ros_msgs/lib/python3.8/site-packages/micro_ros_msgs/micro_ros_msgs_s__rosidl_typesupport_microxrcedds_c.cpython-38-x86_64-linux-gnu.so
[4.516s] -- Set runtime path of "/home/mediapipe/Desktop/ros_workspaces/microros_ws/src/install/micro_ros_msgs/lib/python3.8/site-packages/micro_ros_msgs/micro_ros_msgs_s__rosidl_typesupport_microxrcedds_c.cpython-38-x86_64-linux-gnu.so" to ""
[4.516s] -- Installing: /home/mediapipe/Desktop/ros_workspaces/microros_ws/src/install/micro_ros_msgs/lib/python3.8/site-packages/micro_ros_msgs/micro_ros_msgs_s__rosidl_typesupport_fastrtps_c.cpython-38-x86_64-linux-gnu.so
[4.517s] -- Set runtime path of "/home/mediapipe/Desktop/ros_workspaces/microros_ws/src/install/micro_ros_msgs/lib/python3.8/site-packages/micro_ros_msgs/micro_ros_msgs_s__rosidl_typesupport_fastrtps_c.cpython-38-x86_64-linux-gnu.so" to ""
[4.517s] -- Installing: /home/mediapipe/Desktop/ros_workspaces/microros_ws/src/install/micro_ros_msgs/lib/python3.8/site-packages/micro_ros_msgs/micro_ros_msgs_s__rosidl_typesupport_introspection_c.cpython-38-x86_64-linux-gnu.so
[4.517s] -- Set runtime path of "/home/mediapipe/Desktop/ros_workspaces/microros_ws/src/install/micro_ros_msgs/lib/python3.8/site-packages/micro_ros_msgs/micro_ros_msgs_s__rosidl_typesupport_introspection_c.cpython-38-x86_64-linux-gnu.so" to ""
[4.517s] -- Installing: /home/mediapipe/Desktop/ros_workspaces/microros_ws/src/install/micro_ros_msgs/lib/python3.8/site-packages/micro_ros_msgs/micro_ros_msgs_s__rosidl_typesupport_c.cpython-38-x86_64-linux-gnu.so
[4.517s] -- Set runtime path of "/home/mediapipe/Desktop/ros_workspaces/microros_ws/src/install/micro_ros_msgs/lib/python3.8/site-packages/micro_ros_msgs/micro_ros_msgs_s__rosidl_typesupport_c.cpython-38-x86_64-linux-gnu.so" to ""
[4.518s] -- Installing: /home/mediapipe/Desktop/ros_workspaces/microros_ws/src/install/micro_ros_msgs/lib/libmicro_ros_msgs__python.so
[4.518s] -- Set runtime path of "/home/mediapipe/Desktop/ros_workspaces/microros_ws/src/install/micro_ros_msgs/lib/libmicro_ros_msgs__python.so" to ""
[4.518s] -- Installing: /home/mediapipe/Desktop/ros_workspaces/microros_ws/src/install/micro_ros_msgs/share/micro_ros_msgs/msg/Graph.idl
[4.518s] -- Installing: /home/mediapipe/Desktop/ros_workspaces/microros_ws/src/install/micro_ros_msgs/share/micro_ros_msgs/msg/Node.idl
[4.518s] -- Installing: /home/mediapipe/Desktop/ros_workspaces/microros_ws/src/install/micro_ros_msgs/share/micro_ros_msgs/msg/Entity.idl
[4.518s] -- Installing: /home/mediapipe/Desktop/ros_workspaces/microros_ws/src/install/micro_ros_msgs/share/micro_ros_msgs/msg/Graph.msg
[4.518s] -- Installing: /home/mediapipe/Desktop/ros_workspaces/microros_ws/src/install/micro_ros_msgs/share/micro_ros_msgs/msg/Node.msg
[4.518s] -- Installing: /home/mediapipe/Desktop/ros_workspaces/microros_ws/src/install/micro_ros_msgs/share/micro_ros_msgs/msg/Entity.msg
[4.518s] -- Installing: /home/mediapipe/Desktop/ros_workspaces/microros_ws/src/install/micro_ros_msgs/share/ament_index/resource_index/package_run_dependencies/micro_ros_msgs
[4.518s] -- Installing: /home/mediapipe/Desktop/ros_workspaces/microros_ws/src/install/micro_ros_msgs/share/ament_index/resource_index/parent_prefix_path/micro_ros_msgs
[4.518s] -- Installing: /home/mediapipe/Desktop/ros_workspaces/microros_ws/src/install/micro_ros_msgs/share/micro_ros_msgs/environment/ament_prefix_path.sh
[4.519s] -- Installing: /home/mediapipe/Desktop/ros_workspaces/microros_ws/src/install/micro_ros_msgs/share/micro_ros_msgs/environment/ament_prefix_path.dsv
[4.519s] -- Installing: /home/mediapipe/Desktop/ros_workspaces/microros_ws/src/install/micro_ros_msgs/share/micro_ros_msgs/environment/path.sh
[4.519s] -- Installing: /home/mediapipe/Desktop/ros_workspaces/microros_ws/src/install/micro_ros_msgs/share/micro_ros_msgs/environment/path.dsv
[4.519s] -- Installing: /home/mediapipe/Desktop/ros_workspaces/microros_ws/src/install/micro_ros_msgs/share/micro_ros_msgs/local_setup.bash
[4.519s] -- Installing: /home/mediapipe/Desktop/ros_workspaces/microros_ws/src/install/micro_ros_msgs/share/micro_ros_msgs/local_setup.sh
[4.519s] -- Installing: /home/mediapipe/Desktop/ros_workspaces/microros_ws/src/install/micro_ros_msgs/share/micro_ros_msgs/local_setup.zsh
[4.519s] -- Installing: /home/mediapipe/Desktop/ros_workspaces/microros_ws/src/install/micro_ros_msgs/share/micro_ros_msgs/local_setup.dsv
[4.519s] -- Installing: /home/mediapipe/Desktop/ros_workspaces/microros_ws/src/install/micro_ros_msgs/share/micro_ros_msgs/package.dsv
[4.519s] -- Installing: /home/mediapipe/Desktop/ros_workspaces/microros_ws/src/install/micro_ros_msgs/share/ament_index/resource_index/packages/micro_ros_msgs
[4.519s] -- Installing: /home/mediapipe/Desktop/ros_workspaces/microros_ws/src/install/micro_ros_msgs/share/micro_ros_msgs/cmake/micro_ros_msgs__rosidl_generator_cExport.cmake
[4.519s] -- Installing: /home/mediapipe/Desktop/ros_workspaces/microros_ws/src/install/micro_ros_msgs/share/micro_ros_msgs/cmake/micro_ros_msgs__rosidl_generator_cExport-noconfig.cmake
[4.520s] -- Installing: /home/mediapipe/Desktop/ros_workspaces/microros_ws/src/install/micro_ros_msgs/share/micro_ros_msgs/cmake/micro_ros_msgs__rosidl_typesupport_introspection_cExport.cmake
[4.520s] -- Installing: /home/mediapipe/Desktop/ros_workspaces/microros_ws/src/install/micro_ros_msgs/share/micro_ros_msgs/cmake/micro_ros_msgs__rosidl_typesupport_introspection_cExport-noconfig.cmake
[4.520s] -- Installing: /home/mediapipe/Desktop/ros_workspaces/microros_ws/src/install/micro_ros_msgs/share/micro_ros_msgs/cmake/micro_ros_msgs__rosidl_typesupport_cExport.cmake
[4.520s] -- Installing: /home/mediapipe/Desktop/ros_workspaces/microros_ws/src/install/micro_ros_msgs/share/micro_ros_msgs/cmake/micro_ros_msgs__rosidl_typesupport_cExport-noconfig.cmake
[4.520s] -- Installing: /home/mediapipe/Desktop/ros_workspaces/microros_ws/src/install/micro_ros_msgs/share/micro_ros_msgs/cmake/micro_ros_msgs__rosidl_generator_cppExport.cmake
[4.520s] -- Installing: /home/mediapipe/Desktop/ros_workspaces/microros_ws/src/install/micro_ros_msgs/share/micro_ros_msgs/cmake/micro_ros_msgs__rosidl_typesupport_introspection_cppExport.cmake
[4.520s] -- Installing: /home/mediapipe/Desktop/ros_workspaces/microros_ws/src/install/micro_ros_msgs/share/micro_ros_msgs/cmake/micro_ros_msgs__rosidl_typesupport_introspection_cppExport-noconfig.cmake
[4.520s] -- Installing: /home/mediapipe/Desktop/ros_workspaces/microros_ws/src/install/micro_ros_msgs/share/micro_ros_msgs/cmake/micro_ros_msgs__rosidl_typesupport_cppExport.cmake
[4.520s] -- Installing: /home/mediapipe/Desktop/ros_workspaces/microros_ws/src/install/micro_ros_msgs/share/micro_ros_msgs/cmake/micro_ros_msgs__rosidl_typesupport_cppExport-noconfig.cmake
[4.520s] -- Installing: /home/mediapipe/Desktop/ros_workspaces/microros_ws/src/install/micro_ros_msgs/share/micro_ros_msgs/cmake/rosidl_cmake-extras.cmake
[4.521s] -- Installing: /home/mediapipe/Desktop/ros_workspaces/microros_ws/src/install/micro_ros_msgs/share/micro_ros_msgs/cmake/ament_cmake_export_dependencies-extras.cmake
[4.521s] -- Installing: /home/mediapipe/Desktop/ros_workspaces/microros_ws/src/install/micro_ros_msgs/share/micro_ros_msgs/cmake/ament_cmake_export_libraries-extras.cmake
[4.521s] -- Installing: /home/mediapipe/Desktop/ros_workspaces/microros_ws/src/install/micro_ros_msgs/share/micro_ros_msgs/cmake/ament_cmake_export_targets-extras.cmake
[4.521s] -- Installing: /home/mediapipe/Desktop/ros_workspaces/microros_ws/src/install/micro_ros_msgs/share/micro_ros_msgs/cmake/ament_cmake_export_include_directories-extras.cmake
[4.521s] -- Installing: /home/mediapipe/Desktop/ros_workspaces/microros_ws/src/install/micro_ros_msgs/share/micro_ros_msgs/cmake/rosidl_cmake_export_typesupport_libraries-extras.cmake
[4.521s] -- Installing: /home/mediapipe/Desktop/ros_workspaces/microros_ws/src/install/micro_ros_msgs/share/micro_ros_msgs/cmake/rosidl_cmake_export_typesupport_targets-extras.cmake
[4.521s] -- Installing: /home/mediapipe/Desktop/ros_workspaces/microros_ws/src/install/micro_ros_msgs/share/micro_ros_msgs/cmake/micro_ros_msgsConfig.cmake
[4.521s] -- Installing: /home/mediapipe/Desktop/ros_workspaces/microros_ws/src/install/micro_ros_msgs/share/micro_ros_msgs/cmake/micro_ros_msgsConfig-version.cmake
[4.521s] -- Installing: /home/mediapipe/Desktop/ros_workspaces/microros_ws/src/install/micro_ros_msgs/share/micro_ros_msgs/package.xml
[4.523s] Invoked command in '/home/mediapipe/Desktop/ros_workspaces/microros_ws/src/build/micro_ros_msgs' returned '0': CMAKE_PREFIX_PATH=/home/mediapipe/Desktop/ros_workspaces/microros_ws/install/composition_interfaces:/home/mediapipe/Desktop/ros_workspaces/microros_ws/install/rcl_interfaces:/home/mediapipe/Desktop/ros_workspaces/microros_ws/install/action_msgs:/home/mediapipe/Desktop/ros_workspaces/microros_ws/install/unique_identifier_msgs:/home/mediapipe/Desktop/ros_workspaces/microros_ws/install/statistics_msgs:/home/mediapipe/Desktop/ros_workspaces/microros_ws/install/rmw_microxrcedds:/home/mediapipe/Desktop/ros_workspaces/microros_ws/install/rosgraph_msgs:/home/mediapipe/Desktop/ros_workspaces/microros_ws/install/lifecycle_msgs:/home/mediapipe/Desktop/ros_workspaces/microros_ws/install/complex_msgs:/home/mediapipe/Desktop/ros_workspaces/microros_ws/install/builtin_interfaces:/home/mediapipe/Desktop/ros_workspaces/microros_ws/install/common_interfaces:/home/mediapipe/Desktop/ros_workspaces/microros_ws/install/visualization_msgs:/home/mediapipe/Desktop/ros_workspaces/microros_ws/install/trajectory_msgs:/home/mediapipe/Desktop/ros_workspaces/microros_ws/install/stereo_msgs:/home/mediapipe/Desktop/ros_workspaces/microros_ws/install/std_srvs:/home/mediapipe/Desktop/ros_workspaces/microros_ws/install/shape_msgs:/home/mediapipe/Desktop/ros_workspaces/microros_ws/install/sensor_msgs:/home/mediapipe/Desktop/ros_workspaces/microros_ws/install/nav_msgs:/home/mediapipe/Desktop/ros_workspaces/microros_ws/install/diagnostic_msgs:/home/mediapipe/Desktop/ros_workspaces/microros_ws/install/geometry_msgs:/home/mediapipe/Desktop/ros_workspaces/microros_ws/install/drive_base_msgs:/home/mediapipe/Desktop/ros_workspaces/microros_ws/install/actionlib_msgs:/home/mediapipe/Desktop/ros_workspaces/microros_ws/install/std_msgs:/home/mediapipe/Desktop/ros_workspaces/microros_ws/install/rosidl_typesupport_microxrcedds_test_msg:/home/mediapipe/Desktop/ros_workspaces/microros_ws/install/rosidl_typesupport_microxrcedds_cpp_tests:/home/mediapipe/Desktop/ros_workspaces/microros_ws/install/rosidl_typesupport_microxrcedds_cpp:/home/mediapipe/Desktop/ros_workspaces/microros_ws/install/rosidl_typesupport_microxrcedds_c_tests:/home/mediapipe/Desktop/ros_workspaces/microros_ws/install/rosidl_typesupport_microxrcedds_c:/home/mediapipe/Desktop/ros_workspaces/microros_ws/install/microxrcedds_client:/home/mediapipe/Desktop/ros_workspaces/microros_ws/install/microcdr:/home/mediapipe/Desktop/ros_workspaces/microros_ws/install/micro_ros_setup:/home/mediapipe/Desktop/ros_workspaces/microros_ws/install/micro_ros_agent:/home/mediapipe/Desktop/ros_workspaces/microros_ws/install/micro_ros_msgs:/home/mediapipe/Desktop/ros_workspaces/microros_ws/install/sensor_msgs_py:/opt/ros/foxy:/opt/ros/noetic /usr/bin/cmake --install /home/mediapipe/Desktop/ros_workspaces/microros_ws/src/build/micro_ros_msgs
