[0.020s] Invoking command in '/home/mediapipe/Desktop/ros_workspaces/microros_ws/src/build/builtin_interfaces': CMAKE_PREFIX_PATH=/home/mediapipe/Desktop/ros_workspaces/microros_ws/install/composition_interfaces:/home/mediapipe/Desktop/ros_workspaces/microros_ws/install/rcl_interfaces:/home/mediapipe/Desktop/ros_workspaces/microros_ws/install/action_msgs:/home/mediapipe/Desktop/ros_workspaces/microros_ws/install/unique_identifier_msgs:/home/mediapipe/Desktop/ros_workspaces/microros_ws/install/statistics_msgs:/home/mediapipe/Desktop/ros_workspaces/microros_ws/install/rmw_microxrcedds:/home/mediapipe/Desktop/ros_workspaces/microros_ws/install/rosgraph_msgs:/home/mediapipe/Desktop/ros_workspaces/microros_ws/install/lifecycle_msgs:/home/mediapipe/Desktop/ros_workspaces/microros_ws/install/complex_msgs:/home/mediapipe/Desktop/ros_workspaces/microros_ws/install/builtin_interfaces:/home/mediapipe/Desktop/ros_workspaces/microros_ws/install/common_interfaces:/home/mediapipe/Desktop/ros_workspaces/microros_ws/install/visualization_msgs:/home/mediapipe/Desktop/ros_workspaces/microros_ws/install/trajectory_msgs:/home/mediapipe/Desktop/ros_workspaces/microros_ws/install/stereo_msgs:/home/mediapipe/Desktop/ros_workspaces/microros_ws/install/std_srvs:/home/mediapipe/Desktop/ros_workspaces/microros_ws/install/shape_msgs:/home/mediapipe/Desktop/ros_workspaces/microros_ws/install/sensor_msgs:/home/mediapipe/Desktop/ros_workspaces/microros_ws/install/nav_msgs:/home/mediapipe/Desktop/ros_workspaces/microros_ws/install/diagnostic_msgs:/home/mediapipe/Desktop/ros_workspaces/microros_ws/install/geometry_msgs:/home/mediapipe/Desktop/ros_workspaces/microros_ws/install/drive_base_msgs:/home/mediapipe/Desktop/ros_workspaces/microros_ws/install/actionlib_msgs:/home/mediapipe/Desktop/ros_workspaces/microros_ws/install/std_msgs:/home/mediapipe/Desktop/ros_workspaces/microros_ws/install/rosidl_typesupport_microxrcedds_test_msg:/home/mediapipe/Desktop/ros_workspaces/microros_ws/install/rosidl_typesupport_microxrcedds_cpp_tests:/home/mediapipe/Desktop/ros_workspaces/microros_ws/install/rosidl_typesupport_microxrcedds_cpp:/home/mediapipe/Desktop/ros_workspaces/microros_ws/install/rosidl_typesupport_microxrcedds_c_tests:/home/mediapipe/Desktop/ros_workspaces/microros_ws/install/rosidl_typesupport_microxrcedds_c:/home/mediapipe/Desktop/ros_workspaces/microros_ws/install/microxrcedds_client:/home/mediapipe/Desktop/ros_workspaces/microros_ws/install/microcdr:/home/mediapipe/Desktop/ros_workspaces/microros_ws/install/micro_ros_setup:/home/mediapipe/Desktop/ros_workspaces/microros_ws/install/micro_ros_agent:/home/mediapipe/Desktop/ros_workspaces/microros_ws/install/micro_ros_msgs:/home/mediapipe/Desktop/ros_workspaces/microros_ws/install/sensor_msgs_py:/opt/ros/foxy:/opt/ros/noetic /usr/bin/cmake /home/mediapipe/Desktop/ros_workspaces/microros_ws/src/ros2/rcl_interfaces/builtin_interfaces -DUAGENT_BUILD_EXECUTABLE=OFF -DUAGENT_P2P_PROFILE=OFF --no-warn-unused-cli -DCMAKE_INSTALL_PREFIX=/home/mediapipe/Desktop/ros_workspaces/microros_ws/src/install/builtin_interfaces
[0.029s] Not searching for unused variables given on the command line.
[0.063s] -- The C compiler identification is GNU 9.4.0
[0.103s] -- The CXX compiler identification is GNU 9.4.0
[0.107s] -- Check for working C compiler: /usr/bin/cc
[0.161s] -- Check for working C compiler: /usr/bin/cc -- works
[0.162s] -- Detecting C compiler ABI info
[0.216s] -- Detecting C compiler ABI info - done
[0.227s] -- Detecting C compile features
[0.228s] -- Detecting C compile features - done
[0.230s] -- Check for working CXX compiler: /usr/bin/c++
[0.292s] -- Check for working CXX compiler: /usr/bin/c++ -- works
[0.292s] -- Detecting CXX compiler ABI info
[0.351s] -- Detecting CXX compiler ABI info - done
[0.359s] -- Detecting CXX compile features
[0.359s] -- Detecting CXX compile features - done
[0.362s] -- Found ament_cmake: 0.9.11 (/opt/ros/foxy/share/ament_cmake/cmake)
[0.384s] -- Found PythonInterp: /usr/bin/python3 (found suitable version "3.8.10", minimum required is "3") 
[0.384s] -- Using PYTHON_EXECUTABLE: /usr/bin/python3
[0.567s] -- Found rosidl_default_generators: 1.0.1 (/opt/ros/foxy/share/rosidl_default_generators/cmake)
[0.574s] -- Using all available rosidl_typesupport_c: rosidl_typesupport_microxrcedds_c;rosidl_typesupport_fastrtps_c;rosidl_typesupport_introspection_c
[0.581s] -- Found rosidl_adapter: 1.3.0 (/opt/ros/foxy/share/rosidl_adapter/cmake)
[0.680s] -- Found OpenSSL: /usr/lib/x86_64-linux-gnu/libcrypto.so (found version "1.1.1f")  
[0.704s] -- Found FastRTPS: /opt/ros/foxy/include  
[0.767s] -- Using all available rosidl_typesupport_cpp: rosidl_typesupport_microxrcedds_cpp;rosidl_typesupport_fastrtps_cpp;rosidl_typesupport_introspection_cpp
[0.813s] -- Found PythonInterp: /usr/bin/python3 (found version "3.8.10") 
[0.918s] -- Found ament_cmake_cppcheck: 0.9.7 (/opt/ros/foxy/share/ament_cmake_cppcheck/cmake)
[0.921s] -- Found ament_cmake_cpplint: 0.9.7 (/opt/ros/foxy/share/ament_cmake_cpplint/cmake)
[0.923s] -- Found ament_cmake_uncrustify: 0.9.7 (/opt/ros/foxy/share/ament_cmake_uncrustify/cmake)
[0.926s] -- Found ament_cmake_ros: 0.9.2 (/opt/ros/foxy/share/ament_cmake_ros/cmake)
[1.022s] -- Using all available rosidl_typesupport_c: rosidl_typesupport_microxrcedds_c;rosidl_typesupport_fastrtps_c;rosidl_typesupport_introspection_c
[1.039s] -- Using all available rosidl_typesupport_cpp: rosidl_typesupport_microxrcedds_cpp;rosidl_typesupport_fastrtps_cpp;rosidl_typesupport_introspection_cpp
[1.061s] -- Found PythonInterp: /usr/bin/python3 (found suitable version "3.8.10", minimum required is "3.5") 
[1.065s] -- Found python_cmake_module: 0.8.1 (/opt/ros/foxy/share/python_cmake_module/cmake)
[1.089s] -- Found PythonLibs: /usr/lib/x86_64-linux-gnu/libpython3.8.so (found suitable version "3.8.10", minimum required is "3.5") 
[1.089s] -- Using PYTHON_EXECUTABLE: /usr/bin/python3
[1.089s] -- Using PYTHON_INCLUDE_DIRS: /usr/include/python3.8
[1.089s] -- Using PYTHON_LIBRARIES: /usr/lib/x86_64-linux-gnu/libpython3.8.so
[1.108s] -- Found PythonExtra: .so  
[1.153s] -- Found ament_cmake_flake8: 0.9.7 (/opt/ros/foxy/share/ament_cmake_flake8/cmake)
[1.156s] -- Found ament_cmake_pep257: 0.9.7 (/opt/ros/foxy/share/ament_cmake_pep257/cmake)
[1.163s] -- Configuring done
[1.189s] -- Generating done
[1.191s] -- Build files have been written to: /home/mediapipe/Desktop/ros_workspaces/microros_ws/src/build/builtin_interfaces
[1.202s] Invoked command in '/home/mediapipe/Desktop/ros_workspaces/microros_ws/src/build/builtin_interfaces' returned '0': CMAKE_PREFIX_PATH=/home/mediapipe/Desktop/ros_workspaces/microros_ws/install/composition_interfaces:/home/mediapipe/Desktop/ros_workspaces/microros_ws/install/rcl_interfaces:/home/mediapipe/Desktop/ros_workspaces/microros_ws/install/action_msgs:/home/mediapipe/Desktop/ros_workspaces/microros_ws/install/unique_identifier_msgs:/home/mediapipe/Desktop/ros_workspaces/microros_ws/install/statistics_msgs:/home/mediapipe/Desktop/ros_workspaces/microros_ws/install/rmw_microxrcedds:/home/mediapipe/Desktop/ros_workspaces/microros_ws/install/rosgraph_msgs:/home/mediapipe/Desktop/ros_workspaces/microros_ws/install/lifecycle_msgs:/home/mediapipe/Desktop/ros_workspaces/microros_ws/install/complex_msgs:/home/mediapipe/Desktop/ros_workspaces/microros_ws/install/builtin_interfaces:/home/mediapipe/Desktop/ros_workspaces/microros_ws/install/common_interfaces:/home/mediapipe/Desktop/ros_workspaces/microros_ws/install/visualization_msgs:/home/mediapipe/Desktop/ros_workspaces/microros_ws/install/trajectory_msgs:/home/mediapipe/Desktop/ros_workspaces/microros_ws/install/stereo_msgs:/home/mediapipe/Desktop/ros_workspaces/microros_ws/install/std_srvs:/home/mediapipe/Desktop/ros_workspaces/microros_ws/install/shape_msgs:/home/mediapipe/Desktop/ros_workspaces/microros_ws/install/sensor_msgs:/home/mediapipe/Desktop/ros_workspaces/microros_ws/install/nav_msgs:/home/mediapipe/Desktop/ros_workspaces/microros_ws/install/diagnostic_msgs:/home/mediapipe/Desktop/ros_workspaces/microros_ws/install/geometry_msgs:/home/mediapipe/Desktop/ros_workspaces/microros_ws/install/drive_base_msgs:/home/mediapipe/Desktop/ros_workspaces/microros_ws/install/actionlib_msgs:/home/mediapipe/Desktop/ros_workspaces/microros_ws/install/std_msgs:/home/mediapipe/Desktop/ros_workspaces/microros_ws/install/rosidl_typesupport_microxrcedds_test_msg:/home/mediapipe/Desktop/ros_workspaces/microros_ws/install/rosidl_typesupport_microxrcedds_cpp_tests:/home/mediapipe/Desktop/ros_workspaces/microros_ws/install/rosidl_typesupport_microxrcedds_cpp:/home/mediapipe/Desktop/ros_workspaces/microros_ws/install/rosidl_typesupport_microxrcedds_c_tests:/home/mediapipe/Desktop/ros_workspaces/microros_ws/install/rosidl_typesupport_microxrcedds_c:/home/mediapipe/Desktop/ros_workspaces/microros_ws/install/microxrcedds_client:/home/mediapipe/Desktop/ros_workspaces/microros_ws/install/microcdr:/home/mediapipe/Desktop/ros_workspaces/microros_ws/install/micro_ros_setup:/home/mediapipe/Desktop/ros_workspaces/microros_ws/install/micro_ros_agent:/home/mediapipe/Desktop/ros_workspaces/microros_ws/install/micro_ros_msgs:/home/mediapipe/Desktop/ros_workspaces/microros_ws/install/sensor_msgs_py:/opt/ros/foxy:/opt/ros/noetic /usr/bin/cmake /home/mediapipe/Desktop/ros_workspaces/microros_ws/src/ros2/rcl_interfaces/builtin_interfaces -DUAGENT_BUILD_EXECUTABLE=OFF -DUAGENT_P2P_PROFILE=OFF --no-warn-unused-cli -DCMAKE_INSTALL_PREFIX=/home/mediapipe/Desktop/ros_workspaces/microros_ws/src/install/builtin_interfaces
[1.204s] Invoking command in '/home/mediapipe/Desktop/ros_workspaces/microros_ws/src/build/builtin_interfaces': CMAKE_PREFIX_PATH=/home/mediapipe/Desktop/ros_workspaces/microros_ws/install/composition_interfaces:/home/mediapipe/Desktop/ros_workspaces/microros_ws/install/rcl_interfaces:/home/mediapipe/Desktop/ros_workspaces/microros_ws/install/action_msgs:/home/mediapipe/Desktop/ros_workspaces/microros_ws/install/unique_identifier_msgs:/home/mediapipe/Desktop/ros_workspaces/microros_ws/install/statistics_msgs:/home/mediapipe/Desktop/ros_workspaces/microros_ws/install/rmw_microxrcedds:/home/mediapipe/Desktop/ros_workspaces/microros_ws/install/rosgraph_msgs:/home/mediapipe/Desktop/ros_workspaces/microros_ws/install/lifecycle_msgs:/home/mediapipe/Desktop/ros_workspaces/microros_ws/install/complex_msgs:/home/mediapipe/Desktop/ros_workspaces/microros_ws/install/builtin_interfaces:/home/mediapipe/Desktop/ros_workspaces/microros_ws/install/common_interfaces:/home/mediapipe/Desktop/ros_workspaces/microros_ws/install/visualization_msgs:/home/mediapipe/Desktop/ros_workspaces/microros_ws/install/trajectory_msgs:/home/mediapipe/Desktop/ros_workspaces/microros_ws/install/stereo_msgs:/home/mediapipe/Desktop/ros_workspaces/microros_ws/install/std_srvs:/home/mediapipe/Desktop/ros_workspaces/microros_ws/install/shape_msgs:/home/mediapipe/Desktop/ros_workspaces/microros_ws/install/sensor_msgs:/home/mediapipe/Desktop/ros_workspaces/microros_ws/install/nav_msgs:/home/mediapipe/Desktop/ros_workspaces/microros_ws/install/diagnostic_msgs:/home/mediapipe/Desktop/ros_workspaces/microros_ws/install/geometry_msgs:/home/mediapipe/Desktop/ros_workspaces/microros_ws/install/drive_base_msgs:/home/mediapipe/Desktop/ros_workspaces/microros_ws/install/actionlib_msgs:/home/mediapipe/Desktop/ros_workspaces/microros_ws/install/std_msgs:/home/mediapipe/Desktop/ros_workspaces/microros_ws/install/rosidl_typesupport_microxrcedds_test_msg:/home/mediapipe/Desktop/ros_workspaces/microros_ws/install/rosidl_typesupport_microxrcedds_cpp_tests:/home/mediapipe/Desktop/ros_workspaces/microros_ws/install/rosidl_typesupport_microxrcedds_cpp:/home/mediapipe/Desktop/ros_workspaces/microros_ws/install/rosidl_typesupport_microxrcedds_c_tests:/home/mediapipe/Desktop/ros_workspaces/microros_ws/install/rosidl_typesupport_microxrcedds_c:/home/mediapipe/Desktop/ros_workspaces/microros_ws/install/microxrcedds_client:/home/mediapipe/Desktop/ros_workspaces/microros_ws/install/microcdr:/home/mediapipe/Desktop/ros_workspaces/microros_ws/install/micro_ros_setup:/home/mediapipe/Desktop/ros_workspaces/microros_ws/install/micro_ros_agent:/home/mediapipe/Desktop/ros_workspaces/microros_ws/install/micro_ros_msgs:/home/mediapipe/Desktop/ros_workspaces/microros_ws/install/sensor_msgs_py:/opt/ros/foxy:/opt/ros/noetic /usr/bin/cmake --build /home/mediapipe/Desktop/ros_workspaces/microros_ws/src/build/builtin_interfaces -- -j16 -l16
[1.238s] [  2%] [34m[1mGenerating C code for ROS interfaces[0m
[1.238s] [35m[1mScanning dependencies of target builtin_interfaces__cpp[0m
[1.248s] [  4%] [34m[1mGenerating C++ code for ROS interfaces[0m
[1.474s] [  4%] Built target builtin_interfaces__cpp
[1.485s] [  8%] [34m[1mGenerating C++ type support for eProsima Micro XRCE-DDS[0m
[1.485s] [  8%] [34m[1mGenerating C++ type support for eProsima Fast-RTPS[0m
[1.486s] [ 10%] [34m[1mGenerating C++ type support dispatch for ROS interfaces[0m
[1.486s] [ 12%] [34m[1mGenerating C++ introspection for ROS interfaces[0m
[1.487s] [35m[1mScanning dependencies of target builtin_interfaces__rosidl_generator_c[0m
[1.506s] [ 14%] [32mBuilding C object CMakeFiles/builtin_interfaces__rosidl_generator_c.dir/rosidl_generator_c/builtin_interfaces/msg/detail/duration__functions.c.o[0m
[1.509s] [ 16%] [32mBuilding C object CMakeFiles/builtin_interfaces__rosidl_generator_c.dir/rosidl_generator_c/builtin_interfaces/msg/detail/time__functions.c.o[0m
[1.563s] [ 18%] [32m[1mLinking C shared library libbuiltin_interfaces__rosidl_generator_c.so[0m
[1.610s] [ 18%] Built target builtin_interfaces__rosidl_generator_c
[1.623s] [ 20%] [34m[1mGenerating C introspection for ROS interfaces[0m
[1.623s] [ 22%] [34m[1mGenerating C type support for eProsima Micro XRCE-DDS[0m
[1.624s] [ 24%] [34m[1mGenerating C type support dispatch for ROS interfaces[0m
[1.815s] [35m[1mScanning dependencies of target builtin_interfaces__rosidl_typesupport_fastrtps_cpp[0m
[1.845s] [ 26%] [32mBuilding CXX object CMakeFiles/builtin_interfaces__rosidl_typesupport_fastrtps_cpp.dir/rosidl_typesupport_fastrtps_cpp/builtin_interfaces/msg/detail/dds_fastrtps/duration__type_support.cpp.o[0m
[1.854s] [35m[1mScanning dependencies of target builtin_interfaces__rosidl_typesupport_microxrcedds_cpp[0m
[1.858s] [ 28%] [32mBuilding CXX object CMakeFiles/builtin_interfaces__rosidl_typesupport_fastrtps_cpp.dir/rosidl_typesupport_fastrtps_cpp/builtin_interfaces/msg/detail/dds_fastrtps/time__type_support.cpp.o[0m
[1.866s] [35m[1mScanning dependencies of target builtin_interfaces__rosidl_typesupport_cpp[0m
[1.872s] [ 30%] [32mBuilding CXX object CMakeFiles/builtin_interfaces__rosidl_typesupport_microxrcedds_cpp.dir/rosidl_typesupport_microxrcedds_cpp/builtin_interfaces/msg/detail/microxrcedds/duration__type_support_cpp.cpp.o[0m
[1.887s] [ 32%] [32mBuilding CXX object CMakeFiles/builtin_interfaces__rosidl_typesupport_microxrcedds_cpp.dir/rosidl_typesupport_microxrcedds_cpp/builtin_interfaces/msg/detail/microxrcedds/time__type_support_cpp.cpp.o[0m
[1.895s] [ 34%] [32mBuilding CXX object CMakeFiles/builtin_interfaces__rosidl_typesupport_cpp.dir/rosidl_typesupport_cpp/builtin_interfaces/msg/duration__type_support.cpp.o[0m
[1.915s] [ 36%] [32mBuilding CXX object CMakeFiles/builtin_interfaces__rosidl_typesupport_cpp.dir/rosidl_typesupport_cpp/builtin_interfaces/msg/time__type_support.cpp.o[0m
[1.916s] [35m[1mScanning dependencies of target builtin_interfaces__rosidl_typesupport_introspection_cpp[0m
[1.982s] [ 38%] [32mBuilding CXX object CMakeFiles/builtin_interfaces__rosidl_typesupport_introspection_cpp.dir/rosidl_typesupport_introspection_cpp/builtin_interfaces/msg/detail/duration__type_support.cpp.o[0m
[1.983s] [ 40%] [32mBuilding CXX object CMakeFiles/builtin_interfaces__rosidl_typesupport_introspection_cpp.dir/rosidl_typesupport_introspection_cpp/builtin_interfaces/msg/detail/time__type_support.cpp.o[0m
[2.092s] [35m[1mScanning dependencies of target builtin_interfaces__rosidl_typesupport_c[0m
[2.112s] [35m[1mScanning dependencies of target builtin_interfaces__rosidl_typesupport_introspection_c[0m
[2.132s] [35m[1mScanning dependencies of target builtin_interfaces__rosidl_typesupport_microxrcedds_c[0m
[2.166s] [ 42%] [32mBuilding C object CMakeFiles/builtin_interfaces__rosidl_typesupport_introspection_c.dir/rosidl_typesupport_introspection_c/builtin_interfaces/msg/detail/time__type_support.c.o[0m
[2.170s] [ 44%] [32mBuilding CXX object CMakeFiles/builtin_interfaces__rosidl_typesupport_c.dir/rosidl_typesupport_c/builtin_interfaces/msg/duration__type_support.cpp.o[0m
[2.183s] [ 46%] [32mBuilding C object CMakeFiles/builtin_interfaces__rosidl_typesupport_introspection_c.dir/rosidl_typesupport_introspection_c/builtin_interfaces/msg/detail/duration__type_support.c.o[0m
[2.190s] [ 48%] [32mBuilding CXX object CMakeFiles/builtin_interfaces__rosidl_typesupport_c.dir/rosidl_typesupport_c/builtin_interfaces/msg/time__type_support.cpp.o[0m
[2.198s] [ 51%] [32mBuilding C object CMakeFiles/builtin_interfaces__rosidl_typesupport_microxrcedds_c.dir/rosidl_typesupport_microxrcedds_c/builtin_interfaces/msg/detail/microxrcedds/duration__type_support_c.c.o[0m
[2.207s] [ 53%] [32mBuilding C object CMakeFiles/builtin_interfaces__rosidl_typesupport_microxrcedds_c.dir/rosidl_typesupport_microxrcedds_c/builtin_interfaces/msg/detail/microxrcedds/time__type_support_c.c.o[0m
[2.369s] [ 55%] [32m[1mLinking C shared library libbuiltin_interfaces__rosidl_typesupport_introspection_c.so[0m
[2.376s] [ 57%] [32m[1mLinking CXX shared library libbuiltin_interfaces__rosidl_typesupport_c.so[0m
[2.417s] [ 59%] [32m[1mLinking C shared library libbuiltin_interfaces__rosidl_typesupport_microxrcedds_c.so[0m
[2.474s] [ 61%] [32m[1mLinking CXX shared library libbuiltin_interfaces__rosidl_typesupport_microxrcedds_cpp.so[0m
[2.505s] [ 63%] [32m[1mLinking CXX shared library libbuiltin_interfaces__rosidl_typesupport_cpp.so[0m
[2.523s] [ 63%] Built target builtin_interfaces__rosidl_typesupport_microxrcedds_c
[2.525s] [ 63%] Built target builtin_interfaces__rosidl_typesupport_introspection_c
[2.551s] [ 65%] [32m[1mLinking CXX shared library libbuiltin_interfaces__rosidl_typesupport_fastrtps_cpp.so[0m
[2.551s] [ 65%] Built target builtin_interfaces__rosidl_typesupport_c
[2.569s] [ 67%] [32m[1mLinking CXX shared library libbuiltin_interfaces__rosidl_typesupport_introspection_cpp.so[0m
[2.646s] [ 67%] Built target builtin_interfaces__rosidl_typesupport_cpp
[2.658s] [ 67%] Built target builtin_interfaces__rosidl_typesupport_microxrcedds_cpp
[2.668s] [ 67%] Built target builtin_interfaces__rosidl_typesupport_introspection_cpp
[2.763s] [ 67%] Built target builtin_interfaces__rosidl_typesupport_fastrtps_cpp
[2.777s] [ 69%] [34m[1mGenerating C type support for eProsima Fast-RTPS[0m
[3.022s] [35m[1mScanning dependencies of target builtin_interfaces__rosidl_typesupport_fastrtps_c[0m
[3.033s] [ 73%] [32mBuilding CXX object CMakeFiles/builtin_interfaces__rosidl_typesupport_fastrtps_c.dir/rosidl_typesupport_fastrtps_c/builtin_interfaces/msg/detail/time__type_support_c.cpp.o[0m
[3.033s] [ 73%] [32mBuilding CXX object CMakeFiles/builtin_interfaces__rosidl_typesupport_fastrtps_c.dir/rosidl_typesupport_fastrtps_c/builtin_interfaces/msg/detail/duration__type_support_c.cpp.o[0m
[3.307s] [ 75%] [32m[1mLinking CXX shared library libbuiltin_interfaces__rosidl_typesupport_fastrtps_c.so[0m
[3.373s] [ 75%] Built target builtin_interfaces__rosidl_typesupport_fastrtps_c
[3.382s] [35m[1mScanning dependencies of target builtin_interfaces[0m
[3.391s] [ 75%] Built target builtin_interfaces
[3.401s] [35m[1mScanning dependencies of target builtin_interfaces__py[0m
[3.411s] [ 77%] [34m[1mGenerating Python code for ROS interfaces[0m
[3.831s] [ 77%] Built target builtin_interfaces__py
[3.840s] [35m[1mScanning dependencies of target builtin_interfaces__python[0m
[3.856s] [ 81%] [32mBuilding C object CMakeFiles/builtin_interfaces__python.dir/rosidl_generator_py/builtin_interfaces/msg/_duration_s.c.o[0m
[3.856s] [ 81%] [32mBuilding C object CMakeFiles/builtin_interfaces__python.dir/rosidl_generator_py/builtin_interfaces/msg/_time_s.c.o[0m
[3.917s] [ 83%] [32m[1mLinking C shared library rosidl_generator_py/builtin_interfaces/libbuiltin_interfaces__python.so[0m
[3.947s] [ 83%] Built target builtin_interfaces__python
[3.957s] [35m[1mScanning dependencies of target builtin_interfaces__rosidl_typesupport_introspection_c__pyext[0m
[3.957s] [35m[1mScanning dependencies of target builtin_interfaces__rosidl_typesupport_microxrcedds_c__pyext[0m
[3.957s] [35m[1mScanning dependencies of target builtin_interfaces__rosidl_typesupport_c__pyext[0m
[3.957s] [35m[1mScanning dependencies of target builtin_interfaces__rosidl_typesupport_fastrtps_c__pyext[0m
[3.971s] [ 85%] [32mBuilding C object CMakeFiles/builtin_interfaces__rosidl_typesupport_introspection_c__pyext.dir/rosidl_generator_py/builtin_interfaces/_builtin_interfaces_s.ep.rosidl_typesupport_introspection_c.c.o[0m
[3.971s] [ 87%] [32mBuilding C object CMakeFiles/builtin_interfaces__rosidl_typesupport_fastrtps_c__pyext.dir/rosidl_generator_py/builtin_interfaces/_builtin_interfaces_s.ep.rosidl_typesupport_fastrtps_c.c.o[0m
[3.972s] [ 91%] [32mBuilding C object CMakeFiles/builtin_interfaces__rosidl_typesupport_microxrcedds_c__pyext.dir/rosidl_generator_py/builtin_interfaces/_builtin_interfaces_s.ep.rosidl_typesupport_microxrcedds_c.c.o[0m
[3.973s] [ 91%] [32mBuilding C object CMakeFiles/builtin_interfaces__rosidl_typesupport_c__pyext.dir/rosidl_generator_py/builtin_interfaces/_builtin_interfaces_s.ep.rosidl_typesupport_c.c.o[0m
[4.033s] [100%] [32m[1mLinking C shared library rosidl_generator_py/builtin_interfaces/builtin_interfaces_s__rosidl_typesupport_c.cpython-38-x86_64-linux-gnu.so[0m
[4.033s] [100%] [32m[1mLinking CXX shared library rosidl_generator_py/builtin_interfaces/builtin_interfaces_s__rosidl_typesupport_fastrtps_c.cpython-38-x86_64-linux-gnu.so[0m
[4.033s] [100%] [32m[1mLinking C shared library rosidl_generator_py/builtin_interfaces/builtin_interfaces_s__rosidl_typesupport_microxrcedds_c.cpython-38-x86_64-linux-gnu.so[0m
[4.033s] [100%] [32m[1mLinking C shared library rosidl_generator_py/builtin_interfaces/builtin_interfaces_s__rosidl_typesupport_introspection_c.cpython-38-x86_64-linux-gnu.so[0m
[4.062s] [100%] Built target builtin_interfaces__rosidl_typesupport_c__pyext
[4.062s] [100%] Built target builtin_interfaces__rosidl_typesupport_microxrcedds_c__pyext
[4.063s] [100%] Built target builtin_interfaces__rosidl_typesupport_introspection_c__pyext
[4.082s] [100%] Built target builtin_interfaces__rosidl_typesupport_fastrtps_c__pyext
[4.093s] Invoked command in '/home/mediapipe/Desktop/ros_workspaces/microros_ws/src/build/builtin_interfaces' returned '0': CMAKE_PREFIX_PATH=/home/mediapipe/Desktop/ros_workspaces/microros_ws/install/composition_interfaces:/home/mediapipe/Desktop/ros_workspaces/microros_ws/install/rcl_interfaces:/home/mediapipe/Desktop/ros_workspaces/microros_ws/install/action_msgs:/home/mediapipe/Desktop/ros_workspaces/microros_ws/install/unique_identifier_msgs:/home/mediapipe/Desktop/ros_workspaces/microros_ws/install/statistics_msgs:/home/mediapipe/Desktop/ros_workspaces/microros_ws/install/rmw_microxrcedds:/home/mediapipe/Desktop/ros_workspaces/microros_ws/install/rosgraph_msgs:/home/mediapipe/Desktop/ros_workspaces/microros_ws/install/lifecycle_msgs:/home/mediapipe/Desktop/ros_workspaces/microros_ws/install/complex_msgs:/home/mediapipe/Desktop/ros_workspaces/microros_ws/install/builtin_interfaces:/home/mediapipe/Desktop/ros_workspaces/microros_ws/install/common_interfaces:/home/mediapipe/Desktop/ros_workspaces/microros_ws/install/visualization_msgs:/home/mediapipe/Desktop/ros_workspaces/microros_ws/install/trajectory_msgs:/home/mediapipe/Desktop/ros_workspaces/microros_ws/install/stereo_msgs:/home/mediapipe/Desktop/ros_workspaces/microros_ws/install/std_srvs:/home/mediapipe/Desktop/ros_workspaces/microros_ws/install/shape_msgs:/home/mediapipe/Desktop/ros_workspaces/microros_ws/install/sensor_msgs:/home/mediapipe/Desktop/ros_workspaces/microros_ws/install/nav_msgs:/home/mediapipe/Desktop/ros_workspaces/microros_ws/install/diagnostic_msgs:/home/mediapipe/Desktop/ros_workspaces/microros_ws/install/geometry_msgs:/home/mediapipe/Desktop/ros_workspaces/microros_ws/install/drive_base_msgs:/home/mediapipe/Desktop/ros_workspaces/microros_ws/install/actionlib_msgs:/home/mediapipe/Desktop/ros_workspaces/microros_ws/install/std_msgs:/home/mediapipe/Desktop/ros_workspaces/microros_ws/install/rosidl_typesupport_microxrcedds_test_msg:/home/mediapipe/Desktop/ros_workspaces/microros_ws/install/rosidl_typesupport_microxrcedds_cpp_tests:/home/mediapipe/Desktop/ros_workspaces/microros_ws/install/rosidl_typesupport_microxrcedds_cpp:/home/mediapipe/Desktop/ros_workspaces/microros_ws/install/rosidl_typesupport_microxrcedds_c_tests:/home/mediapipe/Desktop/ros_workspaces/microros_ws/install/rosidl_typesupport_microxrcedds_c:/home/mediapipe/Desktop/ros_workspaces/microros_ws/install/microxrcedds_client:/home/mediapipe/Desktop/ros_workspaces/microros_ws/install/microcdr:/home/mediapipe/Desktop/ros_workspaces/microros_ws/install/micro_ros_setup:/home/mediapipe/Desktop/ros_workspaces/microros_ws/install/micro_ros_agent:/home/mediapipe/Desktop/ros_workspaces/microros_ws/install/micro_ros_msgs:/home/mediapipe/Desktop/ros_workspaces/microros_ws/install/sensor_msgs_py:/opt/ros/foxy:/opt/ros/noetic /usr/bin/cmake --build /home/mediapipe/Desktop/ros_workspaces/microros_ws/src/build/builtin_interfaces -- -j16 -l16
[4.174s] Invoking command in '/home/mediapipe/Desktop/ros_workspaces/microros_ws/src/build/builtin_interfaces': CMAKE_PREFIX_PATH=/home/mediapipe/Desktop/ros_workspaces/microros_ws/install/composition_interfaces:/home/mediapipe/Desktop/ros_workspaces/microros_ws/install/rcl_interfaces:/home/mediapipe/Desktop/ros_workspaces/microros_ws/install/action_msgs:/home/mediapipe/Desktop/ros_workspaces/microros_ws/install/unique_identifier_msgs:/home/mediapipe/Desktop/ros_workspaces/microros_ws/install/statistics_msgs:/home/mediapipe/Desktop/ros_workspaces/microros_ws/install/rmw_microxrcedds:/home/mediapipe/Desktop/ros_workspaces/microros_ws/install/rosgraph_msgs:/home/mediapipe/Desktop/ros_workspaces/microros_ws/install/lifecycle_msgs:/home/mediapipe/Desktop/ros_workspaces/microros_ws/install/complex_msgs:/home/mediapipe/Desktop/ros_workspaces/microros_ws/install/builtin_interfaces:/home/mediapipe/Desktop/ros_workspaces/microros_ws/install/common_interfaces:/home/mediapipe/Desktop/ros_workspaces/microros_ws/install/visualization_msgs:/home/mediapipe/Desktop/ros_workspaces/microros_ws/install/trajectory_msgs:/home/mediapipe/Desktop/ros_workspaces/microros_ws/install/stereo_msgs:/home/mediapipe/Desktop/ros_workspaces/microros_ws/install/std_srvs:/home/mediapipe/Desktop/ros_workspaces/microros_ws/install/shape_msgs:/home/mediapipe/Desktop/ros_workspaces/microros_ws/install/sensor_msgs:/home/mediapipe/Desktop/ros_workspaces/microros_ws/install/nav_msgs:/home/mediapipe/Desktop/ros_workspaces/microros_ws/install/diagnostic_msgs:/home/mediapipe/Desktop/ros_workspaces/microros_ws/install/geometry_msgs:/home/mediapipe/Desktop/ros_workspaces/microros_ws/install/drive_base_msgs:/home/mediapipe/Desktop/ros_workspaces/microros_ws/install/actionlib_msgs:/home/mediapipe/Desktop/ros_workspaces/microros_ws/install/std_msgs:/home/mediapipe/Desktop/ros_workspaces/microros_ws/install/rosidl_typesupport_microxrcedds_test_msg:/home/mediapipe/Desktop/ros_workspaces/microros_ws/install/rosidl_typesupport_microxrcedds_cpp_tests:/home/mediapipe/Desktop/ros_workspaces/microros_ws/install/rosidl_typesupport_microxrcedds_cpp:/home/mediapipe/Desktop/ros_workspaces/microros_ws/install/rosidl_typesupport_microxrcedds_c_tests:/home/mediapipe/Desktop/ros_workspaces/microros_ws/install/rosidl_typesupport_microxrcedds_c:/home/mediapipe/Desktop/ros_workspaces/microros_ws/install/microxrcedds_client:/home/mediapipe/Desktop/ros_workspaces/microros_ws/install/microcdr:/home/mediapipe/Desktop/ros_workspaces/microros_ws/install/micro_ros_setup:/home/mediapipe/Desktop/ros_workspaces/microros_ws/install/micro_ros_agent:/home/mediapipe/Desktop/ros_workspaces/microros_ws/install/micro_ros_msgs:/home/mediapipe/Desktop/ros_workspaces/microros_ws/install/sensor_msgs_py:/opt/ros/foxy:/opt/ros/noetic /usr/bin/cmake --install /home/mediapipe/Desktop/ros_workspaces/microros_ws/src/build/builtin_interfaces
[4.182s] -- Install configuration: ""
[4.182s] -- Installing: /home/mediapipe/Desktop/ros_workspaces/microros_ws/src/install/builtin_interfaces/share/ament_index/resource_index/rosidl_interfaces/builtin_interfaces
[4.182s] -- Installing: /home/mediapipe/Desktop/ros_workspaces/microros_ws/src/install/builtin_interfaces/include/builtin_interfaces
[4.182s] -- Installing: /home/mediapipe/Desktop/ros_workspaces/microros_ws/src/install/builtin_interfaces/include/builtin_interfaces/msg
[4.182s] -- Installing: /home/mediapipe/Desktop/ros_workspaces/microros_ws/src/install/builtin_interfaces/include/builtin_interfaces/msg/duration.h
[4.182s] -- Installing: /home/mediapipe/Desktop/ros_workspaces/microros_ws/src/install/builtin_interfaces/include/builtin_interfaces/msg/time.h
[4.182s] -- Installing: /home/mediapipe/Desktop/ros_workspaces/microros_ws/src/install/builtin_interfaces/include/builtin_interfaces/msg/rosidl_generator_c__visibility_control.h
[4.182s] -- Installing: /home/mediapipe/Desktop/ros_workspaces/microros_ws/src/install/builtin_interfaces/include/builtin_interfaces/msg/detail
[4.183s] -- Installing: /home/mediapipe/Desktop/ros_workspaces/microros_ws/src/install/builtin_interfaces/include/builtin_interfaces/msg/detail/time__type_support.h
[4.183s] -- Installing: /home/mediapipe/Desktop/ros_workspaces/microros_ws/src/install/builtin_interfaces/include/builtin_interfaces/msg/detail/duration__functions.c
[4.183s] -- Installing: /home/mediapipe/Desktop/ros_workspaces/microros_ws/src/install/builtin_interfaces/include/builtin_interfaces/msg/detail/time__functions.h
[4.183s] -- Installing: /home/mediapipe/Desktop/ros_workspaces/microros_ws/src/install/builtin_interfaces/include/builtin_interfaces/msg/detail/time__struct.h
[4.183s] -- Installing: /home/mediapipe/Desktop/ros_workspaces/microros_ws/src/install/builtin_interfaces/include/builtin_interfaces/msg/detail/time__functions.c
[4.183s] -- Installing: /home/mediapipe/Desktop/ros_workspaces/microros_ws/src/install/builtin_interfaces/include/builtin_interfaces/msg/detail/duration__type_support.h
[4.183s] -- Installing: /home/mediapipe/Desktop/ros_workspaces/microros_ws/src/install/builtin_interfaces/include/builtin_interfaces/msg/detail/duration__functions.h
[4.183s] -- Installing: /home/mediapipe/Desktop/ros_workspaces/microros_ws/src/install/builtin_interfaces/include/builtin_interfaces/msg/detail/duration__struct.h
[4.183s] -- Installing: /home/mediapipe/Desktop/ros_workspaces/microros_ws/src/install/builtin_interfaces/share/builtin_interfaces/environment/library_path.sh
[4.183s] -- Installing: /home/mediapipe/Desktop/ros_workspaces/microros_ws/src/install/builtin_interfaces/share/builtin_interfaces/environment/library_path.dsv
[4.183s] -- Installing: /home/mediapipe/Desktop/ros_workspaces/microros_ws/src/install/builtin_interfaces/lib/libbuiltin_interfaces__rosidl_generator_c.so
[4.183s] -- Set runtime path of "/home/mediapipe/Desktop/ros_workspaces/microros_ws/src/install/builtin_interfaces/lib/libbuiltin_interfaces__rosidl_generator_c.so" to ""
[4.184s] -- Up-to-date: /home/mediapipe/Desktop/ros_workspaces/microros_ws/src/install/builtin_interfaces/include/builtin_interfaces
[4.184s] -- Up-to-date: /home/mediapipe/Desktop/ros_workspaces/microros_ws/src/install/builtin_interfaces/include/builtin_interfaces/msg
[4.184s] -- Installing: /home/mediapipe/Desktop/ros_workspaces/microros_ws/src/install/builtin_interfaces/include/builtin_interfaces/msg/rosidl_typesupport_microxrcedds_c__visibility_control.h
[4.184s] -- Up-to-date: /home/mediapipe/Desktop/ros_workspaces/microros_ws/src/install/builtin_interfaces/include/builtin_interfaces/msg/detail
[4.184s] -- Installing: /home/mediapipe/Desktop/ros_workspaces/microros_ws/src/install/builtin_interfaces/include/builtin_interfaces/msg/detail/microxrcedds
[4.184s] -- Installing: /home/mediapipe/Desktop/ros_workspaces/microros_ws/src/install/builtin_interfaces/include/builtin_interfaces/msg/detail/duration__rosidl_typesupport_microxrcedds_c.h
[4.184s] -- Installing: /home/mediapipe/Desktop/ros_workspaces/microros_ws/src/install/builtin_interfaces/include/builtin_interfaces/msg/detail/time__rosidl_typesupport_microxrcedds_c.h
[4.184s] -- Installing: /home/mediapipe/Desktop/ros_workspaces/microros_ws/src/install/builtin_interfaces/lib/libbuiltin_interfaces__rosidl_typesupport_microxrcedds_c.so
[4.184s] -- Set runtime path of "/home/mediapipe/Desktop/ros_workspaces/microros_ws/src/install/builtin_interfaces/lib/libbuiltin_interfaces__rosidl_typesupport_microxrcedds_c.so" to ""
[4.184s] -- Up-to-date: /home/mediapipe/Desktop/ros_workspaces/microros_ws/src/install/builtin_interfaces/include/builtin_interfaces
[4.184s] -- Up-to-date: /home/mediapipe/Desktop/ros_workspaces/microros_ws/src/install/builtin_interfaces/include/builtin_interfaces/msg
[4.184s] -- Installing: /home/mediapipe/Desktop/ros_workspaces/microros_ws/src/install/builtin_interfaces/include/builtin_interfaces/msg/rosidl_typesupport_fastrtps_c__visibility_control.h
[4.185s] -- Up-to-date: /home/mediapipe/Desktop/ros_workspaces/microros_ws/src/install/builtin_interfaces/include/builtin_interfaces/msg/detail
[4.185s] -- Installing: /home/mediapipe/Desktop/ros_workspaces/microros_ws/src/install/builtin_interfaces/include/builtin_interfaces/msg/detail/time__rosidl_typesupport_fastrtps_c.h
[4.185s] -- Installing: /home/mediapipe/Desktop/ros_workspaces/microros_ws/src/install/builtin_interfaces/include/builtin_interfaces/msg/detail/duration__rosidl_typesupport_fastrtps_c.h
[4.185s] -- Installing: /home/mediapipe/Desktop/ros_workspaces/microros_ws/src/install/builtin_interfaces/lib/libbuiltin_interfaces__rosidl_typesupport_fastrtps_c.so
[4.185s] -- Set runtime path of "/home/mediapipe/Desktop/ros_workspaces/microros_ws/src/install/builtin_interfaces/lib/libbuiltin_interfaces__rosidl_typesupport_fastrtps_c.so" to ""
[4.185s] -- Up-to-date: /home/mediapipe/Desktop/ros_workspaces/microros_ws/src/install/builtin_interfaces/include/builtin_interfaces
[4.185s] -- Up-to-date: /home/mediapipe/Desktop/ros_workspaces/microros_ws/src/install/builtin_interfaces/include/builtin_interfaces/msg
[4.185s] -- Installing: /home/mediapipe/Desktop/ros_workspaces/microros_ws/src/install/builtin_interfaces/include/builtin_interfaces/msg/rosidl_typesupport_fastrtps_cpp__visibility_control.h
[4.185s] -- Up-to-date: /home/mediapipe/Desktop/ros_workspaces/microros_ws/src/install/builtin_interfaces/include/builtin_interfaces/msg/detail
[4.185s] -- Installing: /home/mediapipe/Desktop/ros_workspaces/microros_ws/src/install/builtin_interfaces/include/builtin_interfaces/msg/detail/time__rosidl_typesupport_fastrtps_cpp.hpp
[4.185s] -- Installing: /home/mediapipe/Desktop/ros_workspaces/microros_ws/src/install/builtin_interfaces/include/builtin_interfaces/msg/detail/duration__rosidl_typesupport_fastrtps_cpp.hpp
[4.185s] -- Installing: /home/mediapipe/Desktop/ros_workspaces/microros_ws/src/install/builtin_interfaces/include/builtin_interfaces/msg/detail/dds_fastrtps
[4.185s] -- Installing: /home/mediapipe/Desktop/ros_workspaces/microros_ws/src/install/builtin_interfaces/lib/libbuiltin_interfaces__rosidl_typesupport_fastrtps_cpp.so
[4.185s] -- Set runtime path of "/home/mediapipe/Desktop/ros_workspaces/microros_ws/src/install/builtin_interfaces/lib/libbuiltin_interfaces__rosidl_typesupport_fastrtps_cpp.so" to ""
[4.186s] -- Up-to-date: /home/mediapipe/Desktop/ros_workspaces/microros_ws/src/install/builtin_interfaces/include/builtin_interfaces
[4.186s] -- Up-to-date: /home/mediapipe/Desktop/ros_workspaces/microros_ws/src/install/builtin_interfaces/include/builtin_interfaces/msg
[4.186s] -- Installing: /home/mediapipe/Desktop/ros_workspaces/microros_ws/src/install/builtin_interfaces/include/builtin_interfaces/msg/rosidl_typesupport_introspection_c__visibility_control.h
[4.186s] -- Up-to-date: /home/mediapipe/Desktop/ros_workspaces/microros_ws/src/install/builtin_interfaces/include/builtin_interfaces/msg/detail
[4.186s] -- Installing: /home/mediapipe/Desktop/ros_workspaces/microros_ws/src/install/builtin_interfaces/include/builtin_interfaces/msg/detail/duration__type_support.c
[4.186s] -- Installing: /home/mediapipe/Desktop/ros_workspaces/microros_ws/src/install/builtin_interfaces/include/builtin_interfaces/msg/detail/duration__rosidl_typesupport_introspection_c.h
[4.186s] -- Installing: /home/mediapipe/Desktop/ros_workspaces/microros_ws/src/install/builtin_interfaces/include/builtin_interfaces/msg/detail/time__rosidl_typesupport_introspection_c.h
[4.186s] -- Installing: /home/mediapipe/Desktop/ros_workspaces/microros_ws/src/install/builtin_interfaces/include/builtin_interfaces/msg/detail/time__type_support.c
[4.186s] -- Installing: /home/mediapipe/Desktop/ros_workspaces/microros_ws/src/install/builtin_interfaces/lib/libbuiltin_interfaces__rosidl_typesupport_introspection_c.so
[4.186s] -- Set runtime path of "/home/mediapipe/Desktop/ros_workspaces/microros_ws/src/install/builtin_interfaces/lib/libbuiltin_interfaces__rosidl_typesupport_introspection_c.so" to ""
[4.186s] -- Installing: /home/mediapipe/Desktop/ros_workspaces/microros_ws/src/install/builtin_interfaces/lib/libbuiltin_interfaces__rosidl_typesupport_c.so
[4.186s] -- Set runtime path of "/home/mediapipe/Desktop/ros_workspaces/microros_ws/src/install/builtin_interfaces/lib/libbuiltin_interfaces__rosidl_typesupport_c.so" to ""
[4.186s] -- Up-to-date: /home/mediapipe/Desktop/ros_workspaces/microros_ws/src/install/builtin_interfaces/include/builtin_interfaces
[4.187s] -- Up-to-date: /home/mediapipe/Desktop/ros_workspaces/microros_ws/src/install/builtin_interfaces/include/builtin_interfaces/msg
[4.187s] -- Installing: /home/mediapipe/Desktop/ros_workspaces/microros_ws/src/install/builtin_interfaces/include/builtin_interfaces/msg/duration.hpp
[4.187s] -- Up-to-date: /home/mediapipe/Desktop/ros_workspaces/microros_ws/src/install/builtin_interfaces/include/builtin_interfaces/msg/detail
[4.187s] -- Installing: /home/mediapipe/Desktop/ros_workspaces/microros_ws/src/install/builtin_interfaces/include/builtin_interfaces/msg/detail/duration__struct.hpp
[4.187s] -- Installing: /home/mediapipe/Desktop/ros_workspaces/microros_ws/src/install/builtin_interfaces/include/builtin_interfaces/msg/detail/time__builder.hpp
[4.187s] -- Installing: /home/mediapipe/Desktop/ros_workspaces/microros_ws/src/install/builtin_interfaces/include/builtin_interfaces/msg/detail/time__struct.hpp
[4.187s] -- Installing: /home/mediapipe/Desktop/ros_workspaces/microros_ws/src/install/builtin_interfaces/include/builtin_interfaces/msg/detail/duration__builder.hpp
[4.187s] -- Installing: /home/mediapipe/Desktop/ros_workspaces/microros_ws/src/install/builtin_interfaces/include/builtin_interfaces/msg/detail/time__traits.hpp
[4.187s] -- Installing: /home/mediapipe/Desktop/ros_workspaces/microros_ws/src/install/builtin_interfaces/include/builtin_interfaces/msg/detail/duration__traits.hpp
[4.187s] -- Installing: /home/mediapipe/Desktop/ros_workspaces/microros_ws/src/install/builtin_interfaces/include/builtin_interfaces/msg/time.hpp
[4.187s] -- Up-to-date: /home/mediapipe/Desktop/ros_workspaces/microros_ws/src/install/builtin_interfaces/include/builtin_interfaces
[4.188s] -- Up-to-date: /home/mediapipe/Desktop/ros_workspaces/microros_ws/src/install/builtin_interfaces/include/builtin_interfaces/msg
[4.188s] -- Installing: /home/mediapipe/Desktop/ros_workspaces/microros_ws/src/install/builtin_interfaces/include/builtin_interfaces/msg/rosidl_typesupport_microxrcedds_cpp__visibility_control.h
[4.188s] -- Up-to-date: /home/mediapipe/Desktop/ros_workspaces/microros_ws/src/install/builtin_interfaces/include/builtin_interfaces/msg/detail
[4.188s] -- Up-to-date: /home/mediapipe/Desktop/ros_workspaces/microros_ws/src/install/builtin_interfaces/include/builtin_interfaces/msg/detail/microxrcedds
[4.188s] -- Installing: /home/mediapipe/Desktop/ros_workspaces/microros_ws/src/install/builtin_interfaces/include/builtin_interfaces/msg/detail/microxrcedds/time__type_support_cpp.cpp
[4.188s] -- Installing: /home/mediapipe/Desktop/ros_workspaces/microros_ws/src/install/builtin_interfaces/include/builtin_interfaces/msg/detail/microxrcedds/duration__type_support_cpp.cpp
[4.188s] -- Installing: /home/mediapipe/Desktop/ros_workspaces/microros_ws/src/install/builtin_interfaces/include/builtin_interfaces/msg/detail/duration__rosidl_typesupport_microxrcedds_cpp.hpp
[4.188s] -- Installing: /home/mediapipe/Desktop/ros_workspaces/microros_ws/src/install/builtin_interfaces/include/builtin_interfaces/msg/detail/time__rosidl_typesupport_microxrcedds_cpp.hpp
[4.188s] -- Installing: /home/mediapipe/Desktop/ros_workspaces/microros_ws/src/install/builtin_interfaces/lib/libbuiltin_interfaces__rosidl_typesupport_microxrcedds_cpp.so
[4.189s] -- Set runtime path of "/home/mediapipe/Desktop/ros_workspaces/microros_ws/src/install/builtin_interfaces/lib/libbuiltin_interfaces__rosidl_typesupport_microxrcedds_cpp.so" to ""
[4.189s] -- Up-to-date: /home/mediapipe/Desktop/ros_workspaces/microros_ws/src/install/builtin_interfaces/include/builtin_interfaces
[4.189s] -- Up-to-date: /home/mediapipe/Desktop/ros_workspaces/microros_ws/src/install/builtin_interfaces/include/builtin_interfaces/msg
[4.189s] -- Up-to-date: /home/mediapipe/Desktop/ros_workspaces/microros_ws/src/install/builtin_interfaces/include/builtin_interfaces/msg/detail
[4.189s] -- Installing: /home/mediapipe/Desktop/ros_workspaces/microros_ws/src/install/builtin_interfaces/include/builtin_interfaces/msg/detail/time__rosidl_typesupport_introspection_cpp.hpp
[4.189s] -- Installing: /home/mediapipe/Desktop/ros_workspaces/microros_ws/src/install/builtin_interfaces/include/builtin_interfaces/msg/detail/duration__type_support.cpp
[4.189s] -- Installing: /home/mediapipe/Desktop/ros_workspaces/microros_ws/src/install/builtin_interfaces/include/builtin_interfaces/msg/detail/time__type_support.cpp
[4.189s] -- Installing: /home/mediapipe/Desktop/ros_workspaces/microros_ws/src/install/builtin_interfaces/include/builtin_interfaces/msg/detail/duration__rosidl_typesupport_introspection_cpp.hpp
[4.189s] -- Installing: /home/mediapipe/Desktop/ros_workspaces/microros_ws/src/install/builtin_interfaces/lib/libbuiltin_interfaces__rosidl_typesupport_introspection_cpp.so
[4.189s] -- Set runtime path of "/home/mediapipe/Desktop/ros_workspaces/microros_ws/src/install/builtin_interfaces/lib/libbuiltin_interfaces__rosidl_typesupport_introspection_cpp.so" to ""
[4.189s] -- Installing: /home/mediapipe/Desktop/ros_workspaces/microros_ws/src/install/builtin_interfaces/lib/libbuiltin_interfaces__rosidl_typesupport_cpp.so
[4.189s] -- Set runtime path of "/home/mediapipe/Desktop/ros_workspaces/microros_ws/src/install/builtin_interfaces/lib/libbuiltin_interfaces__rosidl_typesupport_cpp.so" to ""
[4.190s] -- Installing: /home/mediapipe/Desktop/ros_workspaces/microros_ws/src/install/builtin_interfaces/share/builtin_interfaces/environment/pythonpath.sh
[4.190s] -- Installing: /home/mediapipe/Desktop/ros_workspaces/microros_ws/src/install/builtin_interfaces/share/builtin_interfaces/environment/pythonpath.dsv
[4.190s] -- Installing: /home/mediapipe/Desktop/ros_workspaces/microros_ws/src/install/builtin_interfaces/lib/python3.8/site-packages/builtin_interfaces/__init__.py
[4.217s] Compiling '/home/mediapipe/Desktop/ros_workspaces/microros_ws/src/install/builtin_interfaces/lib/python3.8/site-packages/builtin_interfaces/__init__.py'...
[4.221s] -- Installing: /home/mediapipe/Desktop/ros_workspaces/microros_ws/src/install/builtin_interfaces/lib/python3.8/site-packages/builtin_interfaces/msg
[4.221s] -- Installing: /home/mediapipe/Desktop/ros_workspaces/microros_ws/src/install/builtin_interfaces/lib/python3.8/site-packages/builtin_interfaces/msg/_duration_s.c
[4.221s] -- Installing: /home/mediapipe/Desktop/ros_workspaces/microros_ws/src/install/builtin_interfaces/lib/python3.8/site-packages/builtin_interfaces/msg/_duration.py
[4.221s] -- Installing: /home/mediapipe/Desktop/ros_workspaces/microros_ws/src/install/builtin_interfaces/lib/python3.8/site-packages/builtin_interfaces/msg/__init__.py
[4.221s] -- Installing: /home/mediapipe/Desktop/ros_workspaces/microros_ws/src/install/builtin_interfaces/lib/python3.8/site-packages/builtin_interfaces/msg/_time.py
[4.221s] -- Installing: /home/mediapipe/Desktop/ros_workspaces/microros_ws/src/install/builtin_interfaces/lib/python3.8/site-packages/builtin_interfaces/msg/_time_s.c
[4.221s] -- Installing: /home/mediapipe/Desktop/ros_workspaces/microros_ws/src/install/builtin_interfaces/lib/python3.8/site-packages/builtin_interfaces/builtin_interfaces_s__rosidl_typesupport_microxrcedds_c.cpython-38-x86_64-linux-gnu.so
[4.222s] -- Set runtime path of "/home/mediapipe/Desktop/ros_workspaces/microros_ws/src/install/builtin_interfaces/lib/python3.8/site-packages/builtin_interfaces/builtin_interfaces_s__rosidl_typesupport_microxrcedds_c.cpython-38-x86_64-linux-gnu.so" to ""
[4.222s] -- Installing: /home/mediapipe/Desktop/ros_workspaces/microros_ws/src/install/builtin_interfaces/lib/python3.8/site-packages/builtin_interfaces/builtin_interfaces_s__rosidl_typesupport_fastrtps_c.cpython-38-x86_64-linux-gnu.so
[4.223s] -- Set runtime path of "/home/mediapipe/Desktop/ros_workspaces/microros_ws/src/install/builtin_interfaces/lib/python3.8/site-packages/builtin_interfaces/builtin_interfaces_s__rosidl_typesupport_fastrtps_c.cpython-38-x86_64-linux-gnu.so" to ""
[4.223s] -- Installing: /home/mediapipe/Desktop/ros_workspaces/microros_ws/src/install/builtin_interfaces/lib/python3.8/site-packages/builtin_interfaces/builtin_interfaces_s__rosidl_typesupport_introspection_c.cpython-38-x86_64-linux-gnu.so
[4.223s] -- Set runtime path of "/home/mediapipe/Desktop/ros_workspaces/microros_ws/src/install/builtin_interfaces/lib/python3.8/site-packages/builtin_interfaces/builtin_interfaces_s__rosidl_typesupport_introspection_c.cpython-38-x86_64-linux-gnu.so" to ""
[4.223s] -- Installing: /home/mediapipe/Desktop/ros_workspaces/microros_ws/src/install/builtin_interfaces/lib/python3.8/site-packages/builtin_interfaces/builtin_interfaces_s__rosidl_typesupport_c.cpython-38-x86_64-linux-gnu.so
[4.224s] -- Set runtime path of "/home/mediapipe/Desktop/ros_workspaces/microros_ws/src/install/builtin_interfaces/lib/python3.8/site-packages/builtin_interfaces/builtin_interfaces_s__rosidl_typesupport_c.cpython-38-x86_64-linux-gnu.so" to ""
[4.224s] -- Installing: /home/mediapipe/Desktop/ros_workspaces/microros_ws/src/install/builtin_interfaces/lib/libbuiltin_interfaces__python.so
[4.224s] -- Set runtime path of "/home/mediapipe/Desktop/ros_workspaces/microros_ws/src/install/builtin_interfaces/lib/libbuiltin_interfaces__python.so" to ""
[4.224s] -- Installing: /home/mediapipe/Desktop/ros_workspaces/microros_ws/src/install/builtin_interfaces/share/builtin_interfaces/msg/Duration.idl
[4.224s] -- Installing: /home/mediapipe/Desktop/ros_workspaces/microros_ws/src/install/builtin_interfaces/share/builtin_interfaces/msg/Time.idl
[4.224s] -- Installing: /home/mediapipe/Desktop/ros_workspaces/microros_ws/src/install/builtin_interfaces/share/builtin_interfaces/msg/Duration.msg
[4.224s] -- Installing: /home/mediapipe/Desktop/ros_workspaces/microros_ws/src/install/builtin_interfaces/share/builtin_interfaces/msg/Time.msg
[4.224s] -- Installing: /home/mediapipe/Desktop/ros_workspaces/microros_ws/src/install/builtin_interfaces/share/ament_index/resource_index/package_run_dependencies/builtin_interfaces
[4.224s] -- Installing: /home/mediapipe/Desktop/ros_workspaces/microros_ws/src/install/builtin_interfaces/share/ament_index/resource_index/parent_prefix_path/builtin_interfaces
[4.225s] -- Installing: /home/mediapipe/Desktop/ros_workspaces/microros_ws/src/install/builtin_interfaces/share/builtin_interfaces/environment/ament_prefix_path.sh
[4.225s] -- Installing: /home/mediapipe/Desktop/ros_workspaces/microros_ws/src/install/builtin_interfaces/share/builtin_interfaces/environment/ament_prefix_path.dsv
[4.225s] -- Installing: /home/mediapipe/Desktop/ros_workspaces/microros_ws/src/install/builtin_interfaces/share/builtin_interfaces/environment/path.sh
[4.225s] -- Installing: /home/mediapipe/Desktop/ros_workspaces/microros_ws/src/install/builtin_interfaces/share/builtin_interfaces/environment/path.dsv
[4.225s] -- Installing: /home/mediapipe/Desktop/ros_workspaces/microros_ws/src/install/builtin_interfaces/share/builtin_interfaces/local_setup.bash
[4.225s] -- Installing: /home/mediapipe/Desktop/ros_workspaces/microros_ws/src/install/builtin_interfaces/share/builtin_interfaces/local_setup.sh
[4.225s] -- Installing: /home/mediapipe/Desktop/ros_workspaces/microros_ws/src/install/builtin_interfaces/share/builtin_interfaces/local_setup.zsh
[4.225s] -- Installing: /home/mediapipe/Desktop/ros_workspaces/microros_ws/src/install/builtin_interfaces/share/builtin_interfaces/local_setup.dsv
[4.225s] -- Installing: /home/mediapipe/Desktop/ros_workspaces/microros_ws/src/install/builtin_interfaces/share/builtin_interfaces/package.dsv
[4.225s] -- Installing: /home/mediapipe/Desktop/ros_workspaces/microros_ws/src/install/builtin_interfaces/share/ament_index/resource_index/packages/builtin_interfaces
[4.225s] -- Installing: /home/mediapipe/Desktop/ros_workspaces/microros_ws/src/install/builtin_interfaces/share/builtin_interfaces/cmake/builtin_interfaces__rosidl_generator_cExport.cmake
[4.226s] -- Installing: /home/mediapipe/Desktop/ros_workspaces/microros_ws/src/install/builtin_interfaces/share/builtin_interfaces/cmake/builtin_interfaces__rosidl_generator_cExport-noconfig.cmake
[4.226s] -- Installing: /home/mediapipe/Desktop/ros_workspaces/microros_ws/src/install/builtin_interfaces/share/builtin_interfaces/cmake/builtin_interfaces__rosidl_typesupport_introspection_cExport.cmake
[4.226s] -- Installing: /home/mediapipe/Desktop/ros_workspaces/microros_ws/src/install/builtin_interfaces/share/builtin_interfaces/cmake/builtin_interfaces__rosidl_typesupport_introspection_cExport-noconfig.cmake
[4.226s] -- Installing: /home/mediapipe/Desktop/ros_workspaces/microros_ws/src/install/builtin_interfaces/share/builtin_interfaces/cmake/builtin_interfaces__rosidl_typesupport_cExport.cmake
[4.226s] -- Installing: /home/mediapipe/Desktop/ros_workspaces/microros_ws/src/install/builtin_interfaces/share/builtin_interfaces/cmake/builtin_interfaces__rosidl_typesupport_cExport-noconfig.cmake
[4.226s] -- Installing: /home/mediapipe/Desktop/ros_workspaces/microros_ws/src/install/builtin_interfaces/share/builtin_interfaces/cmake/builtin_interfaces__rosidl_generator_cppExport.cmake
[4.226s] -- Installing: /home/mediapipe/Desktop/ros_workspaces/microros_ws/src/install/builtin_interfaces/share/builtin_interfaces/cmake/builtin_interfaces__rosidl_typesupport_introspection_cppExport.cmake
[4.226s] -- Installing: /home/mediapipe/Desktop/ros_workspaces/microros_ws/src/install/builtin_interfaces/share/builtin_interfaces/cmake/builtin_interfaces__rosidl_typesupport_introspection_cppExport-noconfig.cmake
[4.227s] -- Installing: /home/mediapipe/Desktop/ros_workspaces/microros_ws/src/install/builtin_interfaces/share/builtin_interfaces/cmake/builtin_interfaces__rosidl_typesupport_cppExport.cmake
[4.227s] -- Installing: /home/mediapipe/Desktop/ros_workspaces/microros_ws/src/install/builtin_interfaces/share/builtin_interfaces/cmake/builtin_interfaces__rosidl_typesupport_cppExport-noconfig.cmake
[4.227s] -- Installing: /home/mediapipe/Desktop/ros_workspaces/microros_ws/src/install/builtin_interfaces/share/builtin_interfaces/cmake/rosidl_cmake-extras.cmake
[4.227s] -- Installing: /home/mediapipe/Desktop/ros_workspaces/microros_ws/src/install/builtin_interfaces/share/builtin_interfaces/cmake/ament_cmake_export_dependencies-extras.cmake
[4.227s] -- Installing: /home/mediapipe/Desktop/ros_workspaces/microros_ws/src/install/builtin_interfaces/share/builtin_interfaces/cmake/ament_cmake_export_libraries-extras.cmake
[4.227s] -- Installing: /home/mediapipe/Desktop/ros_workspaces/microros_ws/src/install/builtin_interfaces/share/builtin_interfaces/cmake/ament_cmake_export_targets-extras.cmake
[4.227s] -- Installing: /home/mediapipe/Desktop/ros_workspaces/microros_ws/src/install/builtin_interfaces/share/builtin_interfaces/cmake/ament_cmake_export_include_directories-extras.cmake
[4.227s] -- Installing: /home/mediapipe/Desktop/ros_workspaces/microros_ws/src/install/builtin_interfaces/share/builtin_interfaces/cmake/rosidl_cmake_export_typesupport_libraries-extras.cmake
[4.227s] -- Installing: /home/mediapipe/Desktop/ros_workspaces/microros_ws/src/install/builtin_interfaces/share/builtin_interfaces/cmake/rosidl_cmake_export_typesupport_targets-extras.cmake
[4.227s] -- Installing: /home/mediapipe/Desktop/ros_workspaces/microros_ws/src/install/builtin_interfaces/share/builtin_interfaces/cmake/builtin_interfacesConfig.cmake
[4.227s] -- Installing: /home/mediapipe/Desktop/ros_workspaces/microros_ws/src/install/builtin_interfaces/share/builtin_interfaces/cmake/builtin_interfacesConfig-version.cmake
[4.227s] -- Installing: /home/mediapipe/Desktop/ros_workspaces/microros_ws/src/install/builtin_interfaces/share/builtin_interfaces/package.xml
[4.230s] Invoked command in '/home/mediapipe/Desktop/ros_workspaces/microros_ws/src/build/builtin_interfaces' returned '0': CMAKE_PREFIX_PATH=/home/mediapipe/Desktop/ros_workspaces/microros_ws/install/composition_interfaces:/home/mediapipe/Desktop/ros_workspaces/microros_ws/install/rcl_interfaces:/home/mediapipe/Desktop/ros_workspaces/microros_ws/install/action_msgs:/home/mediapipe/Desktop/ros_workspaces/microros_ws/install/unique_identifier_msgs:/home/mediapipe/Desktop/ros_workspaces/microros_ws/install/statistics_msgs:/home/mediapipe/Desktop/ros_workspaces/microros_ws/install/rmw_microxrcedds:/home/mediapipe/Desktop/ros_workspaces/microros_ws/install/rosgraph_msgs:/home/mediapipe/Desktop/ros_workspaces/microros_ws/install/lifecycle_msgs:/home/mediapipe/Desktop/ros_workspaces/microros_ws/install/complex_msgs:/home/mediapipe/Desktop/ros_workspaces/microros_ws/install/builtin_interfaces:/home/mediapipe/Desktop/ros_workspaces/microros_ws/install/common_interfaces:/home/mediapipe/Desktop/ros_workspaces/microros_ws/install/visualization_msgs:/home/mediapipe/Desktop/ros_workspaces/microros_ws/install/trajectory_msgs:/home/mediapipe/Desktop/ros_workspaces/microros_ws/install/stereo_msgs:/home/mediapipe/Desktop/ros_workspaces/microros_ws/install/std_srvs:/home/mediapipe/Desktop/ros_workspaces/microros_ws/install/shape_msgs:/home/mediapipe/Desktop/ros_workspaces/microros_ws/install/sensor_msgs:/home/mediapipe/Desktop/ros_workspaces/microros_ws/install/nav_msgs:/home/mediapipe/Desktop/ros_workspaces/microros_ws/install/diagnostic_msgs:/home/mediapipe/Desktop/ros_workspaces/microros_ws/install/geometry_msgs:/home/mediapipe/Desktop/ros_workspaces/microros_ws/install/drive_base_msgs:/home/mediapipe/Desktop/ros_workspaces/microros_ws/install/actionlib_msgs:/home/mediapipe/Desktop/ros_workspaces/microros_ws/install/std_msgs:/home/mediapipe/Desktop/ros_workspaces/microros_ws/install/rosidl_typesupport_microxrcedds_test_msg:/home/mediapipe/Desktop/ros_workspaces/microros_ws/install/rosidl_typesupport_microxrcedds_cpp_tests:/home/mediapipe/Desktop/ros_workspaces/microros_ws/install/rosidl_typesupport_microxrcedds_cpp:/home/mediapipe/Desktop/ros_workspaces/microros_ws/install/rosidl_typesupport_microxrcedds_c_tests:/home/mediapipe/Desktop/ros_workspaces/microros_ws/install/rosidl_typesupport_microxrcedds_c:/home/mediapipe/Desktop/ros_workspaces/microros_ws/install/microxrcedds_client:/home/mediapipe/Desktop/ros_workspaces/microros_ws/install/microcdr:/home/mediapipe/Desktop/ros_workspaces/microros_ws/install/micro_ros_setup:/home/mediapipe/Desktop/ros_workspaces/microros_ws/install/micro_ros_agent:/home/mediapipe/Desktop/ros_workspaces/microros_ws/install/micro_ros_msgs:/home/mediapipe/Desktop/ros_workspaces/microros_ws/install/sensor_msgs_py:/opt/ros/foxy:/opt/ros/noetic /usr/bin/cmake --install /home/mediapipe/Desktop/ros_workspaces/microros_ws/src/build/builtin_interfaces
